0001_0027_0048_0024_0024.jpg 1 27 48 24 24
0002_0042_0060_0032_0032.jpg 1 42 60 32 32
0003_0017_0018_0054_0054.jpg 1 17 18 54 54
0004_0032_0010_0056_0056.jpg 1 32 10 56 56
0005_0026_0055_0028_0028.jpg 1 26 55 28 28
0006_0043_0017_0035_0035.jpg 1 43 17 35 35
0007_0048_0030_0046_0046.jpg 1 48 30 46 46
0008_0029_0023_0026_0026.jpg 1 29 23 26 26
0009_0016_0026_0061_0061.jpg 1 16 26 61 61
0010_0031_0026_0064_0064.jpg 1 31 26 64 64
0011_0021_0027_0039_0039.jpg 1 21 27 39 39
0012_0058_0056_0027_0027.jpg 1 58 56 27 27
0013_0026_0054_0037_0037.jpg 1 26 54 37 37
0014_0047_0018_0036_0036.jpg 1 47 18 36 36
0015_0024_0009_0049_0049.jpg 1 24 9 49 49
0016_0022_0007_0066_0066.jpg 1 22 7 66 66
0017_0012_0021_0059_0059.jpg 1 12 21 59 59
0018_0015_0026_0064_0064.jpg 1 15 26 64 64
0019_0021_0040_0035_0035.jpg 1 21 40 35 35
0020_0016_0013_0055_0055.jpg 1 16 13 55 55
0021_0008_0013_0058_0058.jpg 1 8 13 58 58
0022_0019_0027_0044_0044.jpg 1 19 27 44 44
0023_0011_0022_0066_0066.jpg 1 11 22 66 66
0024_0035_0043_0026_0026.jpg 1 35 43 26 26
0025_0017_0008_0069_0069.jpg 1 17 8 69 69
0026_0033_0014_0052_0052.jpg 1 33 14 52 52
0027_0020_0006_0069_0069.jpg 1 20 6 69 69
0028_0025_0012_0068_0068.jpg 1 25 12 68 68
0029_0065_0063_0025_0025.jpg 1 65 63 25 25
0030_0040_0013_0053_0053.jpg 1 40 13 53 53
0031_0034_0041_0024_0024.jpg 1 34 41 24 24
0032_0013_0025_0062_0062.jpg 1 13 25 62 62
0033_0016_0024_0055_0055.jpg 1 16 24 55 55
0034_0052_0012_0035_0035.jpg 1 52 12 35 35
0035_0019_0038_0040_0040.jpg 1 19 38 40 40
0036_0027_0017_0039_0039.jpg 1 27 17 39 39
0037_0028_0011_0063_0063.jpg 1 28 11 63 63
0038_0034_0028_0059_0059.jpg 1 34 28 59 59
0039_0006_0012_0035_0035.jpg 1 6 12 35 35
0040_0017_0030_0065_0065.jpg 1 17 30 65 65
0041_0042_0015_0046_0046.jpg 1 42 15 46 46
0042_0028_0004_0062_0062.jpg 1 28 4 62 62
0043_0043_0052_0029_0029.jpg 1 43 52 29 29
0044_0064_0046_0028_0028.jpg 1 64 46 28 28
0045_0044_0043_0027_0027.jpg 1 44 43 27 27
0046_0012_0006_0049_0049.jpg 1 12 6 49 49
0047_0019_0017_0065_0065.jpg 1 19 17 65 65
0048_0009_0027_0036_0036.jpg 1 9 27 36 36
0049_0038_0053_0035_0035.jpg 1 38 53 35 35
0050_0026_0022_0040_0040.jpg 1 26 22 40 40
0051_0015_0017_0068_0068.jpg 1 15 17 68 68
0052_0010_0012_0066_0066.jpg 1 10 12 66 66
0053_0013_0040_0043_0043.jpg 1 13 40 43 43
0054_0058_0045_0031_0031.jpg 1 58 45 31 31
0055_0027_0007_0059_0059.jpg 1 27 7 59 59
0056_0035_0047_0037_0037.jpg 1 35 47 37 37
0057_0036_0049_0042_0042.jpg 1 36 49 42 42
0058_0013_0018_0058_0058.jpg 1 13 18 58 58
0059_0013_0014_0067_0067.jpg 1 13 14 67 67
0060_0021_0022_0053_0053.jpg 1 21 22 53 53
0061_0026_0009_0067_0067.jpg 1 26 9 67 67
0062_0012_0027_0033_0033.jpg 1 12 27 33 33
0063_0053_0047_0026_0026.jpg 1 53 47 26 26
0064_0045_0039_0044_0044.jpg 1 45 39 44 44
0065_0040_0014_0047_0047.jpg 1 40 14 47 47
0066_0038_0015_0033_0033.jpg 1 38 15 33 33
0067_0008_0017_0062_0062.jpg 1 8 17 62 62
0068_0011_0025_0047_0047.jpg 1 11 25 47 47
0069_0017_0006_0058_0058.jpg 1 17 6 58 58
0070_0022_0050_0038_0038.jpg 1 22 50 38 38
0071_0046_0010_0042_0042.jpg 1 46 10 42 42
0072_0014_0028_0056_0056.jpg 1 14 28 56 56
0073_0027_0048_0024_0024.jpg 1 27 48 24 24
0074_0042_0060_0032_0032.jpg 1 42 60 32 32
0075_0017_0018_0054_0054.jpg 1 17 18 54 54
0076_0032_0010_0056_0056.jpg 1 32 10 56 56
0077_0026_0055_0028_0028.jpg 1 26 55 28 28
0078_0043_0017_0035_0035.jpg 1 43 17 35 35
0079_0048_0030_0046_0046.jpg 1 48 30 46 46
0080_0029_0023_0026_0026.jpg 1 29 23 26 26
0081_0016_0026_0061_0061.jpg 1 16 26 61 61
0082_0031_0026_0064_0064.jpg 1 31 26 64 64
0083_0021_0027_0039_0039.jpg 1 21 27 39 39
0084_0058_0056_0027_0027.jpg 1 58 56 27 27
0085_0026_0054_0037_0037.jpg 1 26 54 37 37
0086_0047_0018_0036_0036.jpg 1 47 18 36 36
0087_0024_0009_0049_0049.jpg 1 24 9 49 49
0088_0022_0007_0066_0066.jpg 1 22 7 66 66
0089_0012_0021_0059_0059.jpg 1 12 21 59 59
0090_0015_0026_0064_0064.jpg 1 15 26 64 64
0091_0021_0040_0035_0035.jpg 1 21 40 35 35
0092_0016_0013_0055_0055.jpg 1 16 13 55 55
0093_0008_0013_0058_0058.jpg 1 8 13 58 58
0094_0019_0027_0044_0044.jpg 1 19 27 44 44
0095_0011_0022_0066_0066.jpg 1 11 22 66 66
0096_0035_0043_0026_0026.jpg 1 35 43 26 26
0097_0017_0008_0069_0069.jpg 1 17 8 69 69
0098_0033_0014_0052_0052.jpg 1 33 14 52 52
0099_0020_0006_0069_0069.jpg 1 20 6 69 69
0100_0025_0012_0068_0068.jpg 1 25 12 68 68
0101_0065_0063_0025_0025.jpg 1 65 63 25 25
0102_0040_0013_0053_0053.jpg 1 40 13 53 53
0103_0034_0041_0024_0024.jpg 1 34 41 24 24
0104_0013_0025_0062_0062.jpg 1 13 25 62 62
0105_0016_0024_0055_0055.jpg 1 16 24 55 55
0106_0052_0012_0035_0035.jpg 1 52 12 35 35
0107_0019_0038_0040_0040.jpg 1 19 38 40 40
0108_0027_0017_0039_0039.jpg 1 27 17 39 39
0109_0028_0011_0063_0063.jpg 1 28 11 63 63
0110_0034_0028_0059_0059.jpg 1 34 28 59 59
0111_0027_0048_0024_0024.jpg 1 27 48 24 24
0112_0042_0060_0032_0032.jpg 1 42 60 32 32
0113_0017_0018_0054_0054.jpg 1 17 18 54 54
0114_0032_0010_0056_0056.jpg 1 32 10 56 56
0115_0026_0055_0028_0028.jpg 1 26 55 28 28
0116_0043_0017_0035_0035.jpg 1 43 17 35 35
0117_0048_0030_0046_0046.jpg 1 48 30 46 46
0118_0029_0023_0026_0026.jpg 1 29 23 26 26
0119_0016_0026_0061_0061.jpg 1 16 26 61 61
0120_0031_0026_0064_0064.jpg 1 31 26 64 64
0121_0021_0027_0039_0039.jpg 1 21 27 39 39
0122_0058_0056_0027_0027.jpg 1 58 56 27 27
0123_0026_0054_0037_0037.jpg 1 26 54 37 37
0124_0047_0018_0036_0036.jpg 1 47 18 36 36
0125_0024_0009_0049_0049.jpg 1 24 9 49 49
0126_0022_0007_0066_0066.jpg 1 22 7 66 66
0127_0012_0021_0059_0059.jpg 1 12 21 59 59
0128_0015_0026_0064_0064.jpg 1 15 26 64 64
0129_0021_0040_0035_0035.jpg 1 21 40 35 35
0130_0016_0013_0055_0055.jpg 1 16 13 55 55
0131_0008_0013_0058_0058.jpg 1 8 13 58 58
0132_0019_0027_0044_0044.jpg 1 19 27 44 44
0133_0011_0022_0066_0066.jpg 1 11 22 66 66
0134_0035_0043_0026_0026.jpg 1 35 43 26 26
0135_0017_0008_0069_0069.jpg 1 17 8 69 69
0136_0033_0014_0052_0052.jpg 1 33 14 52 52
0137_0020_0006_0069_0069.jpg 1 20 6 69 69
0138_0025_0012_0068_0068.jpg 1 25 12 68 68
0139_0065_0063_0025_0025.jpg 1 65 63 25 25
0140_0040_0013_0053_0053.jpg 1 40 13 53 53
0141_0034_0041_0024_0024.jpg 1 34 41 24 24
0142_0013_0025_0062_0062.jpg 1 13 25 62 62
0143_0016_0024_0055_0055.jpg 1 16 24 55 55
0144_0052_0012_0035_0035.jpg 1 52 12 35 35
0145_0019_0038_0040_0040.jpg 1 19 38 40 40
0146_0027_0017_0039_0039.jpg 1 27 17 39 39
0147_0028_0011_0063_0063.jpg 1 28 11 63 63
0148_0034_0028_0059_0059.jpg 1 34 28 59 59
0149_0027_0048_0024_0024.jpg 1 27 48 24 24
0150_0042_0060_0032_0032.jpg 1 42 60 32 32
0151_0017_0018_0054_0054.jpg 1 17 18 54 54
0152_0032_0010_0056_0056.jpg 1 32 10 56 56
0153_0026_0055_0028_0028.jpg 1 26 55 28 28
0154_0043_0017_0035_0035.jpg 1 43 17 35 35
0155_0048_0030_0046_0046.jpg 1 48 30 46 46
0156_0029_0023_0026_0026.jpg 1 29 23 26 26
0157_0016_0026_0061_0061.jpg 1 16 26 61 61
0158_0031_0026_0064_0064.jpg 1 31 26 64 64
0159_0021_0027_0039_0039.jpg 1 21 27 39 39
0160_0058_0056_0027_0027.jpg 1 58 56 27 27
0161_0026_0054_0037_0037.jpg 1 26 54 37 37
0162_0047_0018_0036_0036.jpg 1 47 18 36 36
0163_0024_0009_0049_0049.jpg 1 24 9 49 49
0164_0022_0007_0066_0066.jpg 1 22 7 66 66
0165_0012_0021_0059_0059.jpg 1 12 21 59 59
0166_0015_0026_0064_0064.jpg 1 15 26 64 64
0167_0021_0040_0035_0035.jpg 1 21 40 35 35
0168_0016_0013_0055_0055.jpg 1 16 13 55 55
0169_0008_0013_0058_0058.jpg 1 8 13 58 58
0170_0019_0027_0044_0044.jpg 1 19 27 44 44
0171_0011_0022_0066_0066.jpg 1 11 22 66 66
0172_0035_0043_0026_0026.jpg 1 35 43 26 26
0173_0017_0008_0069_0069.jpg 1 17 8 69 69
0174_0033_0014_0052_0052.jpg 1 33 14 52 52
0175_0020_0006_0069_0069.jpg 1 20 6 69 69
0176_0025_0012_0068_0068.jpg 1 25 12 68 68
0177_0065_0063_0025_0025.jpg 1 65 63 25 25
0178_0040_0013_0053_0053.jpg 1 40 13 53 53
0179_0034_0041_0024_0024.jpg 1 34 41 24 24
0180_0013_0025_0062_0062.jpg 1 13 25 62 62
0181_0016_0024_0055_0055.jpg 1 16 24 55 55
0182_0052_0012_0035_0035.jpg 1 52 12 35 35
0183_0019_0038_0040_0040.jpg 1 19 38 40 40
0184_0027_0017_0039_0039.jpg 1 27 17 39 39
0185_0028_0011_0063_0063.jpg 1 28 11 63 63
0186_0034_0028_0059_0059.jpg 1 34 28 59 59
0187_0027_0048_0024_0024.jpg 1 27 48 24 24
0188_0042_0060_0032_0032.jpg 1 42 60 32 32
0189_0017_0018_0054_0054.jpg 1 17 18 54 54
0190_0032_0010_0056_0056.jpg 1 32 10 56 56
0191_0026_0055_0028_0028.jpg 1 26 55 28 28
0192_0043_0017_0035_0035.jpg 1 43 17 35 35
0193_0048_0030_0046_0046.jpg 1 48 30 46 46
0194_0029_0023_0026_0026.jpg 1 29 23 26 26
0195_0016_0026_0061_0061.jpg 1 16 26 61 61
0196_0031_0026_0064_0064.jpg 1 31 26 64 64
0197_0021_0027_0039_0039.jpg 1 21 27 39 39
0198_0058_0056_0027_0027.jpg 1 58 56 27 27
0199_0026_0054_0037_0037.jpg 1 26 54 37 37
0200_0047_0018_0036_0036.jpg 1 47 18 36 36
0201_0024_0009_0049_0049.jpg 1 24 9 49 49
0202_0022_0007_0066_0066.jpg 1 22 7 66 66
0203_0012_0021_0059_0059.jpg 1 12 21 59 59
0204_0015_0026_0064_0064.jpg 1 15 26 64 64
0205_0021_0040_0035_0035.jpg 1 21 40 35 35
0206_0016_0013_0055_0055.jpg 1 16 13 55 55
0207_0008_0013_0058_0058.jpg 1 8 13 58 58
0208_0019_0027_0044_0044.jpg 1 19 27 44 44
0209_0011_0022_0066_0066.jpg 1 11 22 66 66
0210_0035_0043_0026_0026.jpg 1 35 43 26 26
0211_0017_0008_0069_0069.jpg 1 17 8 69 69
0212_0033_0014_0052_0052.jpg 1 33 14 52 52
0213_0020_0006_0069_0069.jpg 1 20 6 69 69
0214_0025_0012_0068_0068.jpg 1 25 12 68 68
0215_0065_0063_0025_0025.jpg 1 65 63 25 25
0216_0040_0013_0053_0053.jpg 1 40 13 53 53
0217_0034_0041_0024_0024.jpg 1 34 41 24 24
0218_0013_0025_0062_0062.jpg 1 13 25 62 62
0219_0016_0024_0055_0055.jpg 1 16 24 55 55
0220_0052_0012_0035_0035.jpg 1 52 12 35 35
0221_0019_0038_0040_0040.jpg 1 19 38 40 40
0222_0027_0017_0039_0039.jpg 1 27 17 39 39
0223_0028_0011_0063_0063.jpg 1 28 11 63 63
0224_0034_0028_0059_0059.jpg 1 34 28 59 59
0225_0027_0048_0024_0024.jpg 1 27 48 24 24
0226_0042_0060_0032_0032.jpg 1 42 60 32 32
0227_0017_0018_0054_0054.jpg 1 17 18 54 54
0228_0032_0010_0056_0056.jpg 1 32 10 56 56
0229_0026_0055_0028_0028.jpg 1 26 55 28 28
0230_0043_0017_0035_0035.jpg 1 43 17 35 35
0231_0048_0030_0046_0046.jpg 1 48 30 46 46
0232_0029_0023_0026_0026.jpg 1 29 23 26 26
0233_0016_0026_0061_0061.jpg 1 16 26 61 61
0234_0031_0026_0064_0064.jpg 1 31 26 64 64
0235_0021_0027_0039_0039.jpg 1 21 27 39 39
0236_0058_0056_0027_0027.jpg 1 58 56 27 27
0237_0026_0054_0037_0037.jpg 1 26 54 37 37
0238_0047_0018_0036_0036.jpg 1 47 18 36 36
0239_0024_0009_0049_0049.jpg 1 24 9 49 49
0240_0022_0007_0066_0066.jpg 1 22 7 66 66
0241_0012_0021_0059_0059.jpg 1 12 21 59 59
0242_0015_0026_0064_0064.jpg 1 15 26 64 64
0243_0021_0040_0035_0035.jpg 1 21 40 35 35
0244_0016_0013_0055_0055.jpg 1 16 13 55 55
0245_0008_0013_0058_0058.jpg 1 8 13 58 58
0246_0019_0027_0044_0044.jpg 1 19 27 44 44
0247_0011_0022_0066_0066.jpg 1 11 22 66 66
0248_0035_0043_0026_0026.jpg 1 35 43 26 26
0249_0017_0008_0069_0069.jpg 1 17 8 69 69
0250_0033_0014_0052_0052.jpg 1 33 14 52 52
0251_0020_0006_0069_0069.jpg 1 20 6 69 69
0252_0025_0012_0068_0068.jpg 1 25 12 68 68
0253_0065_0063_0025_0025.jpg 1 65 63 25 25
0254_0040_0013_0053_0053.jpg 1 40 13 53 53
0255_0034_0041_0024_0024.jpg 1 34 41 24 24
0256_0013_0025_0062_0062.jpg 1 13 25 62 62
0257_0016_0024_0055_0055.jpg 1 16 24 55 55
0258_0052_0012_0035_0035.jpg 1 52 12 35 35
0259_0019_0038_0040_0040.jpg 1 19 38 40 40
0260_0027_0017_0039_0039.jpg 1 27 17 39 39
0261_0028_0011_0063_0063.jpg 1 28 11 63 63
0262_0034_0028_0059_0059.jpg 1 34 28 59 59
0263_0027_0048_0024_0024.jpg 1 27 48 24 24
0264_0042_0060_0032_0032.jpg 1 42 60 32 32
0265_0017_0018_0054_0054.jpg 1 17 18 54 54
0266_0032_0010_0056_0056.jpg 1 32 10 56 56
0267_0026_0055_0028_0028.jpg 1 26 55 28 28
0268_0043_0017_0035_0035.jpg 1 43 17 35 35
0269_0048_0030_0046_0046.jpg 1 48 30 46 46
0270_0029_0023_0026_0026.jpg 1 29 23 26 26
0271_0016_0026_0061_0061.jpg 1 16 26 61 61
0272_0031_0026_0064_0064.jpg 1 31 26 64 64
0273_0021_0027_0039_0039.jpg 1 21 27 39 39
0274_0058_0056_0027_0027.jpg 1 58 56 27 27
0275_0026_0054_0037_0037.jpg 1 26 54 37 37
0276_0047_0018_0036_0036.jpg 1 47 18 36 36
0277_0024_0009_0049_0049.jpg 1 24 9 49 49
0278_0022_0007_0066_0066.jpg 1 22 7 66 66
0279_0012_0021_0059_0059.jpg 1 12 21 59 59
0280_0015_0026_0064_0064.jpg 1 15 26 64 64
0281_0021_0040_0035_0035.jpg 1 21 40 35 35
0282_0016_0013_0055_0055.jpg 1 16 13 55 55
0283_0008_0013_0058_0058.jpg 1 8 13 58 58
0284_0019_0027_0044_0044.jpg 1 19 27 44 44
0285_0011_0022_0066_0066.jpg 1 11 22 66 66
0286_0035_0043_0026_0026.jpg 1 35 43 26 26
0287_0017_0008_0069_0069.jpg 1 17 8 69 69
0288_0033_0014_0052_0052.jpg 1 33 14 52 52
0289_0020_0006_0069_0069.jpg 1 20 6 69 69
0290_0025_0012_0068_0068.jpg 1 25 12 68 68
0291_0065_0063_0025_0025.jpg 1 65 63 25 25
0292_0040_0013_0053_0053.jpg 1 40 13 53 53
0293_0034_0041_0024_0024.jpg 1 34 41 24 24
0294_0013_0025_0062_0062.jpg 1 13 25 62 62
0295_0016_0024_0055_0055.jpg 1 16 24 55 55
0296_0052_0012_0035_0035.jpg 1 52 12 35 35
0297_0019_0038_0040_0040.jpg 1 19 38 40 40
0298_0027_0017_0039_0039.jpg 1 27 17 39 39
0299_0028_0011_0063_0063.jpg 1 28 11 63 63
0300_0034_0028_0059_0059.jpg 1 34 28 59 59
0301_0027_0048_0024_0024.jpg 1 27 48 24 24
0302_0042_0060_0032_0032.jpg 1 42 60 32 32
0303_0017_0018_0054_0054.jpg 1 17 18 54 54
0304_0032_0010_0056_0056.jpg 1 32 10 56 56
0305_0026_0055_0028_0028.jpg 1 26 55 28 28
0306_0043_0017_0035_0035.jpg 1 43 17 35 35
0307_0048_0030_0046_0046.jpg 1 48 30 46 46
0308_0029_0023_0026_0026.jpg 1 29 23 26 26
0309_0016_0026_0061_0061.jpg 1 16 26 61 61
0310_0031_0026_0064_0064.jpg 1 31 26 64 64
0311_0021_0027_0039_0039.jpg 1 21 27 39 39
0312_0058_0056_0027_0027.jpg 1 58 56 27 27
0313_0026_0054_0037_0037.jpg 1 26 54 37 37
0314_0047_0018_0036_0036.jpg 1 47 18 36 36
0315_0024_0009_0049_0049.jpg 1 24 9 49 49
0316_0022_0007_0066_0066.jpg 1 22 7 66 66
0317_0012_0021_0059_0059.jpg 1 12 21 59 59
0318_0015_0026_0064_0064.jpg 1 15 26 64 64
0319_0021_0040_0035_0035.jpg 1 21 40 35 35
0320_0016_0013_0055_0055.jpg 1 16 13 55 55
0321_0008_0013_0058_0058.jpg 1 8 13 58 58
0322_0019_0027_0044_0044.jpg 1 19 27 44 44
0323_0011_0022_0066_0066.jpg 1 11 22 66 66
0324_0035_0043_0026_0026.jpg 1 35 43 26 26
0325_0017_0008_0069_0069.jpg 1 17 8 69 69
0326_0033_0014_0052_0052.jpg 1 33 14 52 52
0327_0020_0006_0069_0069.jpg 1 20 6 69 69
0328_0025_0012_0068_0068.jpg 1 25 12 68 68
0329_0065_0063_0025_0025.jpg 1 65 63 25 25
0330_0040_0013_0053_0053.jpg 1 40 13 53 53
0331_0034_0041_0024_0024.jpg 1 34 41 24 24
0332_0013_0025_0062_0062.jpg 1 13 25 62 62
0333_0016_0024_0055_0055.jpg 1 16 24 55 55
0334_0052_0012_0035_0035.jpg 1 52 12 35 35
0335_0019_0038_0040_0040.jpg 1 19 38 40 40
0336_0027_0017_0039_0039.jpg 1 27 17 39 39
0337_0028_0011_0063_0063.jpg 1 28 11 63 63
0338_0034_0028_0059_0059.jpg 1 34 28 59 59
0339_0027_0048_0024_0024.jpg 1 27 48 24 24
0340_0042_0060_0032_0032.jpg 1 42 60 32 32
0341_0017_0018_0054_0054.jpg 1 17 18 54 54
0342_0032_0010_0056_0056.jpg 1 32 10 56 56
0343_0026_0055_0028_0028.jpg 1 26 55 28 28
0344_0043_0017_0035_0035.jpg 1 43 17 35 35
0345_0048_0030_0046_0046.jpg 1 48 30 46 46
0346_0029_0023_0026_0026.jpg 1 29 23 26 26
0347_0016_0026_0061_0061.jpg 1 16 26 61 61
0348_0031_0026_0064_0064.jpg 1 31 26 64 64
0349_0021_0027_0039_0039.jpg 1 21 27 39 39
0350_0058_0056_0027_0027.jpg 1 58 56 27 27
0351_0026_0054_0037_0037.jpg 1 26 54 37 37
0352_0047_0018_0036_0036.jpg 1 47 18 36 36
0353_0024_0009_0049_0049.jpg 1 24 9 49 49
0354_0022_0007_0066_0066.jpg 1 22 7 66 66
0355_0012_0021_0059_0059.jpg 1 12 21 59 59
0356_0015_0026_0064_0064.jpg 1 15 26 64 64
0357_0021_0040_0035_0035.jpg 1 21 40 35 35
0358_0016_0013_0055_0055.jpg 1 16 13 55 55
0359_0008_0013_0058_0058.jpg 1 8 13 58 58
0360_0019_0027_0044_0044.jpg 1 19 27 44 44
0361_0011_0022_0066_0066.jpg 1 11 22 66 66
0362_0035_0043_0026_0026.jpg 1 35 43 26 26
0363_0017_0008_0069_0069.jpg 1 17 8 69 69
0364_0033_0014_0052_0052.jpg 1 33 14 52 52
0365_0020_0006_0069_0069.jpg 1 20 6 69 69
0366_0025_0012_0068_0068.jpg 1 25 12 68 68
0367_0065_0063_0025_0025.jpg 1 65 63 25 25
0368_0040_0013_0053_0053.jpg 1 40 13 53 53
0369_0034_0041_0024_0024.jpg 1 34 41 24 24
0370_0013_0025_0062_0062.jpg 1 13 25 62 62
0371_0016_0024_0055_0055.jpg 1 16 24 55 55
0372_0052_0012_0035_0035.jpg 1 52 12 35 35
0373_0019_0038_0040_0040.jpg 1 19 38 40 40
0374_0027_0017_0039_0039.jpg 1 27 17 39 39
0375_0028_0011_0063_0063.jpg 1 28 11 63 63
0376_0034_0028_0059_0059.jpg 1 34 28 59 59
0377_0027_0048_0024_0024.jpg 1 27 48 24 24
0378_0042_0060_0032_0032.jpg 1 42 60 32 32
0379_0017_0018_0054_0054.jpg 1 17 18 54 54
0380_0032_0010_0056_0056.jpg 1 32 10 56 56
0381_0026_0055_0028_0028.jpg 1 26 55 28 28
0382_0043_0017_0035_0035.jpg 1 43 17 35 35
0383_0048_0030_0046_0046.jpg 1 48 30 46 46
0384_0029_0023_0026_0026.jpg 1 29 23 26 26
0385_0016_0026_0061_0061.jpg 1 16 26 61 61
0386_0031_0026_0064_0064.jpg 1 31 26 64 64
0387_0021_0027_0039_0039.jpg 1 21 27 39 39
0388_0058_0056_0027_0027.jpg 1 58 56 27 27
0389_0026_0054_0037_0037.jpg 1 26 54 37 37
0390_0047_0018_0036_0036.jpg 1 47 18 36 36
0391_0024_0009_0049_0049.jpg 1 24 9 49 49
0392_0022_0007_0066_0066.jpg 1 22 7 66 66
0393_0012_0021_0059_0059.jpg 1 12 21 59 59
0394_0015_0026_0064_0064.jpg 1 15 26 64 64
0395_0021_0040_0035_0035.jpg 1 21 40 35 35
0396_0016_0013_0055_0055.jpg 1 16 13 55 55
0397_0008_0013_0058_0058.jpg 1 8 13 58 58
0398_0019_0027_0044_0044.jpg 1 19 27 44 44
0399_0011_0022_0066_0066.jpg 1 11 22 66 66
0400_0035_0043_0026_0026.jpg 1 35 43 26 26
0401_0017_0008_0069_0069.jpg 1 17 8 69 69
0402_0033_0014_0052_0052.jpg 1 33 14 52 52
0403_0020_0006_0069_0069.jpg 1 20 6 69 69
0404_0025_0012_0068_0068.jpg 1 25 12 68 68
0405_0065_0063_0025_0025.jpg 1 65 63 25 25
0406_0040_0013_0053_0053.jpg 1 40 13 53 53
0407_0034_0041_0024_0024.jpg 1 34 41 24 24
0408_0013_0025_0062_0062.jpg 1 13 25 62 62
0409_0016_0024_0055_0055.jpg 1 16 24 55 55
0410_0052_0012_0035_0035.jpg 1 52 12 35 35
0411_0019_0038_0040_0040.jpg 1 19 38 40 40
0412_0027_0017_0039_0039.jpg 1 27 17 39 39
0413_0028_0011_0063_0063.jpg 1 28 11 63 63
0414_0034_0028_0059_0059.jpg 1 34 28 59 59
0415_0007_0003_0066_0066.jpg 1 7 3 66 66
0416_0015_0030_0035_0035.jpg 1 15 30 35 35
0417_0038_0040_0031_0031.jpg 1 38 40 31 31
0418_0019_0037_0041_0041.jpg 1 19 37 41 41
0419_0018_0044_0045_0045.jpg 1 18 44 45 45
0420_0065_0036_0027_0027.jpg 1 65 36 27 27
0421_0019_0016_0030_0030.jpg 1 19 16 30 30
0422_0026_0032_0062_0062.jpg 1 26 32 62 62
0423_0006_0039_0049_0049.jpg 1 6 39 49 49
0424_0028_0054_0027_0027.jpg 1 28 54 27 27
0425_0036_0035_0048_0048.jpg 1 36 35 48 48
0426_0051_0026_0029_0029.jpg 1 51 26 29 29
0427_0022_0012_0045_0045.jpg 1 22 12 45 45
0428_0043_0005_0047_0047.jpg 1 43 5 47 47
0429_0015_0039_0034_0034.jpg 1 15 39 34 34
0430_0012_0029_0054_0054.jpg 1 12 29 54 54
0431_0030_0005_0054_0054.jpg 1 30 5 54 54
0432_0041_0030_0030_0030.jpg 1 41 30 30 30
0433_0019_0012_0044_0044.jpg 1 19 12 44 44
0434_0026_0028_0060_0060.jpg 1 26 28 60 60
0435_0020_0005_0066_0066.jpg 1 20 5 66 66
0436_0008_0038_0057_0057.jpg 1 8 38 57 57
0437_0029_0047_0034_0034.jpg 1 29 47 34 34
0438_0007_0015_0054_0054.jpg 1 7 15 54 54
0439_0045_0041_0046_0046.jpg 1 45 41 46 46
0440_0011_0006_0069_0069.jpg 1 11 6 69 69
0441_0007_0010_0060_0060.jpg 1 7 10 60 60
0442_0019_0044_0026_0026.jpg 1 19 44 26 26
0443_0012_0006_0035_0035.jpg 1 12 6 35 35
0444_0013_0013_0066_0066.jpg 1 13 13 66 66
0445_0031_0038_0036_0036.jpg 1 31 38 36 36
0446_0027_0023_0066_0066.jpg 1 27 23 66 66
0447_0031_0048_0024_0024.jpg 1 31 48 24 24
0448_0035_0030_0054_0054.jpg 1 35 30 54 54
0449_0034_0009_0048_0048.jpg 1 34 9 48 48
0450_0033_0059_0033_0033.jpg 1 33 59 33 33
0451_0009_0030_0042_0042.jpg 1 9 30 42 42
0452_0037_0006_0056_0056.jpg 1 37 6 56 56
0453_0007_0003_0066_0066.jpg 1 7 3 66 66
0454_0015_0030_0035_0035.jpg 1 15 30 35 35
0455_0038_0040_0031_0031.jpg 1 38 40 31 31
0456_0019_0037_0041_0041.jpg 1 19 37 41 41
0457_0018_0044_0045_0045.jpg 1 18 44 45 45
0458_0065_0036_0027_0027.jpg 1 65 36 27 27
0459_0019_0016_0030_0030.jpg 1 19 16 30 30
0460_0026_0032_0062_0062.jpg 1 26 32 62 62
0461_0006_0039_0049_0049.jpg 1 6 39 49 49
0462_0028_0054_0027_0027.jpg 1 28 54 27 27
0463_0036_0035_0048_0048.jpg 1 36 35 48 48
0464_0051_0026_0029_0029.jpg 1 51 26 29 29
0465_0022_0012_0045_0045.jpg 1 22 12 45 45
0466_0043_0005_0047_0047.jpg 1 43 5 47 47
0467_0015_0039_0034_0034.jpg 1 15 39 34 34
0468_0012_0029_0054_0054.jpg 1 12 29 54 54
0469_0030_0005_0054_0054.jpg 1 30 5 54 54
0470_0041_0030_0030_0030.jpg 1 41 30 30 30
0471_0019_0012_0044_0044.jpg 1 19 12 44 44
0472_0026_0028_0060_0060.jpg 1 26 28 60 60
0473_0020_0005_0066_0066.jpg 1 20 5 66 66
0474_0008_0038_0057_0057.jpg 1 8 38 57 57
0475_0029_0047_0034_0034.jpg 1 29 47 34 34
0476_0007_0015_0054_0054.jpg 1 7 15 54 54
0477_0045_0041_0046_0046.jpg 1 45 41 46 46
0478_0011_0006_0069_0069.jpg 1 11 6 69 69
0479_0007_0010_0060_0060.jpg 1 7 10 60 60
0480_0019_0044_0026_0026.jpg 1 19 44 26 26
0481_0012_0006_0035_0035.jpg 1 12 6 35 35
0482_0013_0013_0066_0066.jpg 1 13 13 66 66
0483_0031_0038_0036_0036.jpg 1 31 38 36 36
0484_0027_0023_0066_0066.jpg 1 27 23 66 66
0485_0031_0048_0024_0024.jpg 1 31 48 24 24
0486_0035_0030_0054_0054.jpg 1 35 30 54 54
0487_0034_0009_0048_0048.jpg 1 34 9 48 48
0488_0033_0059_0033_0033.jpg 1 33 59 33 33
0489_0009_0030_0042_0042.jpg 1 9 30 42 42
0490_0037_0006_0056_0056.jpg 1 37 6 56 56
0491_0007_0003_0066_0066.jpg 1 7 3 66 66
0492_0015_0030_0035_0035.jpg 1 15 30 35 35
0493_0038_0040_0031_0031.jpg 1 38 40 31 31
0494_0019_0037_0041_0041.jpg 1 19 37 41 41
0495_0018_0044_0045_0045.jpg 1 18 44 45 45
0496_0065_0036_0027_0027.jpg 1 65 36 27 27
0497_0019_0016_0030_0030.jpg 1 19 16 30 30
0498_0026_0032_0062_0062.jpg 1 26 32 62 62
0499_0006_0039_0049_0049.jpg 1 6 39 49 49
0500_0028_0054_0027_0027.jpg 1 28 54 27 27
0501_0036_0035_0048_0048.jpg 1 36 35 48 48
0502_0051_0026_0029_0029.jpg 1 51 26 29 29
0503_0022_0012_0045_0045.jpg 1 22 12 45 45
0504_0043_0005_0047_0047.jpg 1 43 5 47 47
0505_0015_0039_0034_0034.jpg 1 15 39 34 34
0506_0012_0029_0054_0054.jpg 1 12 29 54 54
0507_0030_0005_0054_0054.jpg 1 30 5 54 54
0508_0041_0030_0030_0030.jpg 1 41 30 30 30
0509_0019_0012_0044_0044.jpg 1 19 12 44 44
0510_0026_0028_0060_0060.jpg 1 26 28 60 60
0511_0020_0005_0066_0066.jpg 1 20 5 66 66
0512_0008_0038_0057_0057.jpg 1 8 38 57 57
0513_0029_0047_0034_0034.jpg 1 29 47 34 34
0514_0007_0015_0054_0054.jpg 1 7 15 54 54
0515_0045_0041_0046_0046.jpg 1 45 41 46 46
0516_0011_0006_0069_0069.jpg 1 11 6 69 69
0517_0007_0010_0060_0060.jpg 1 7 10 60 60
0518_0019_0044_0026_0026.jpg 1 19 44 26 26
0519_0012_0006_0035_0035.jpg 1 12 6 35 35
0520_0013_0013_0066_0066.jpg 1 13 13 66 66
0521_0031_0038_0036_0036.jpg 1 31 38 36 36
0522_0027_0023_0066_0066.jpg 1 27 23 66 66
0523_0031_0048_0024_0024.jpg 1 31 48 24 24
0524_0035_0030_0054_0054.jpg 1 35 30 54 54
0525_0034_0009_0048_0048.jpg 1 34 9 48 48
0526_0033_0059_0033_0033.jpg 1 33 59 33 33
0527_0009_0030_0042_0042.jpg 1 9 30 42 42
0528_0037_0006_0056_0056.jpg 1 37 6 56 56
0529_0007_0003_0066_0066.jpg 1 7 3 66 66
0530_0015_0030_0035_0035.jpg 1 15 30 35 35
0531_0038_0040_0031_0031.jpg 1 38 40 31 31
0532_0019_0037_0041_0041.jpg 1 19 37 41 41
0533_0018_0044_0045_0045.jpg 1 18 44 45 45
0534_0065_0036_0027_0027.jpg 1 65 36 27 27
0535_0019_0016_0030_0030.jpg 1 19 16 30 30
0536_0026_0032_0062_0062.jpg 1 26 32 62 62
0537_0006_0039_0049_0049.jpg 1 6 39 49 49
0538_0028_0054_0027_0027.jpg 1 28 54 27 27
0539_0036_0035_0048_0048.jpg 1 36 35 48 48
0540_0051_0026_0029_0029.jpg 1 51 26 29 29
0541_0022_0012_0045_0045.jpg 1 22 12 45 45
0542_0043_0005_0047_0047.jpg 1 43 5 47 47
0543_0015_0039_0034_0034.jpg 1 15 39 34 34
0544_0012_0029_0054_0054.jpg 1 12 29 54 54
0545_0030_0005_0054_0054.jpg 1 30 5 54 54
0546_0041_0030_0030_0030.jpg 1 41 30 30 30
0547_0019_0012_0044_0044.jpg 1 19 12 44 44
0548_0026_0028_0060_0060.jpg 1 26 28 60 60
0549_0020_0005_0066_0066.jpg 1 20 5 66 66
0550_0008_0038_0057_0057.jpg 1 8 38 57 57
0551_0029_0047_0034_0034.jpg 1 29 47 34 34
0552_0007_0015_0054_0054.jpg 1 7 15 54 54
0553_0045_0041_0046_0046.jpg 1 45 41 46 46
0554_0011_0006_0069_0069.jpg 1 11 6 69 69
0555_0007_0010_0060_0060.jpg 1 7 10 60 60
0556_0019_0044_0026_0026.jpg 1 19 44 26 26
0557_0012_0006_0035_0035.jpg 1 12 6 35 35
0558_0013_0013_0066_0066.jpg 1 13 13 66 66
0559_0031_0038_0036_0036.jpg 1 31 38 36 36
0560_0027_0023_0066_0066.jpg 1 27 23 66 66
0561_0031_0048_0024_0024.jpg 1 31 48 24 24
0562_0035_0030_0054_0054.jpg 1 35 30 54 54
0563_0034_0009_0048_0048.jpg 1 34 9 48 48
0564_0033_0059_0033_0033.jpg 1 33 59 33 33
0565_0009_0030_0042_0042.jpg 1 9 30 42 42
0566_0037_0006_0056_0056.jpg 1 37 6 56 56
0567_0007_0003_0066_0066.jpg 1 7 3 66 66
0568_0015_0030_0035_0035.jpg 1 15 30 35 35
0569_0038_0040_0031_0031.jpg 1 38 40 31 31
0570_0019_0037_0041_0041.jpg 1 19 37 41 41
0571_0018_0044_0045_0045.jpg 1 18 44 45 45
0572_0065_0036_0027_0027.jpg 1 65 36 27 27
0573_0019_0016_0030_0030.jpg 1 19 16 30 30
0574_0026_0032_0062_0062.jpg 1 26 32 62 62
0575_0006_0039_0049_0049.jpg 1 6 39 49 49
0576_0028_0054_0027_0027.jpg 1 28 54 27 27
0577_0036_0035_0048_0048.jpg 1 36 35 48 48
0578_0051_0026_0029_0029.jpg 1 51 26 29 29
0579_0022_0012_0045_0045.jpg 1 22 12 45 45
0580_0043_0005_0047_0047.jpg 1 43 5 47 47
0581_0015_0039_0034_0034.jpg 1 15 39 34 34
0582_0012_0029_0054_0054.jpg 1 12 29 54 54
0583_0030_0005_0054_0054.jpg 1 30 5 54 54
0584_0041_0030_0030_0030.jpg 1 41 30 30 30
0585_0019_0012_0044_0044.jpg 1 19 12 44 44
0586_0026_0028_0060_0060.jpg 1 26 28 60 60
0587_0020_0005_0066_0066.jpg 1 20 5 66 66
0588_0008_0038_0057_0057.jpg 1 8 38 57 57
0589_0029_0047_0034_0034.jpg 1 29 47 34 34
0590_0007_0015_0054_0054.jpg 1 7 15 54 54
0591_0045_0041_0046_0046.jpg 1 45 41 46 46
0592_0011_0006_0069_0069.jpg 1 11 6 69 69
0593_0007_0010_0060_0060.jpg 1 7 10 60 60
0594_0019_0044_0026_0026.jpg 1 19 44 26 26
0595_0012_0006_0035_0035.jpg 1 12 6 35 35
0596_0013_0013_0066_0066.jpg 1 13 13 66 66
0597_0031_0038_0036_0036.jpg 1 31 38 36 36
0598_0027_0023_0066_0066.jpg 1 27 23 66 66
0599_0031_0048_0024_0024.jpg 1 31 48 24 24
0600_0035_0030_0054_0054.jpg 1 35 30 54 54
0601_0034_0009_0048_0048.jpg 1 34 9 48 48
0602_0033_0059_0033_0033.jpg 1 33 59 33 33
0603_0009_0030_0042_0042.jpg 1 9 30 42 42
0604_0037_0006_0056_0056.jpg 1 37 6 56 56
0605_0007_0003_0066_0066.jpg 1 7 3 66 66
0606_0015_0030_0035_0035.jpg 1 15 30 35 35
0607_0038_0040_0031_0031.jpg 1 38 40 31 31
0608_0019_0037_0041_0041.jpg 1 19 37 41 41
0609_0018_0044_0045_0045.jpg 1 18 44 45 45
0610_0065_0036_0027_0027.jpg 1 65 36 27 27
0611_0019_0016_0030_0030.jpg 1 19 16 30 30
0612_0026_0032_0062_0062.jpg 1 26 32 62 62
0613_0006_0039_0049_0049.jpg 1 6 39 49 49
0614_0028_0054_0027_0027.jpg 1 28 54 27 27
0615_0036_0035_0048_0048.jpg 1 36 35 48 48
0616_0051_0026_0029_0029.jpg 1 51 26 29 29
0617_0022_0012_0045_0045.jpg 1 22 12 45 45
0618_0043_0005_0047_0047.jpg 1 43 5 47 47
0619_0015_0039_0034_0034.jpg 1 15 39 34 34
0620_0012_0029_0054_0054.jpg 1 12 29 54 54
0621_0030_0005_0054_0054.jpg 1 30 5 54 54
0622_0041_0030_0030_0030.jpg 1 41 30 30 30
0623_0019_0012_0044_0044.jpg 1 19 12 44 44
0624_0026_0028_0060_0060.jpg 1 26 28 60 60
0625_0020_0005_0066_0066.jpg 1 20 5 66 66
0626_0008_0038_0057_0057.jpg 1 8 38 57 57
0627_0029_0047_0034_0034.jpg 1 29 47 34 34
0628_0007_0015_0054_0054.jpg 1 7 15 54 54
0629_0045_0041_0046_0046.jpg 1 45 41 46 46
0630_0011_0006_0069_0069.jpg 1 11 6 69 69
0631_0007_0010_0060_0060.jpg 1 7 10 60 60
0632_0019_0044_0026_0026.jpg 1 19 44 26 26
0633_0012_0006_0035_0035.jpg 1 12 6 35 35
0634_0013_0013_0066_0066.jpg 1 13 13 66 66
0635_0031_0038_0036_0036.jpg 1 31 38 36 36
0636_0027_0023_0066_0066.jpg 1 27 23 66 66
0637_0031_0048_0024_0024.jpg 1 31 48 24 24
0638_0035_0030_0054_0054.jpg 1 35 30 54 54
0639_0034_0009_0048_0048.jpg 1 34 9 48 48
0640_0033_0059_0033_0033.jpg 1 33 59 33 33
0641_0009_0030_0042_0042.jpg 1 9 30 42 42
0642_0037_0006_0056_0056.jpg 1 37 6 56 56
0643_0007_0003_0066_0066.jpg 1 7 3 66 66
0644_0015_0030_0035_0035.jpg 1 15 30 35 35
0645_0038_0040_0031_0031.jpg 1 38 40 31 31
0646_0019_0037_0041_0041.jpg 1 19 37 41 41
0647_0018_0044_0045_0045.jpg 1 18 44 45 45
0648_0065_0036_0027_0027.jpg 1 65 36 27 27
0649_0019_0016_0030_0030.jpg 1 19 16 30 30
0650_0026_0032_0062_0062.jpg 1 26 32 62 62
0651_0006_0039_0049_0049.jpg 1 6 39 49 49
0652_0028_0054_0027_0027.jpg 1 28 54 27 27
0653_0036_0035_0048_0048.jpg 1 36 35 48 48
0654_0051_0026_0029_0029.jpg 1 51 26 29 29
0655_0022_0012_0045_0045.jpg 1 22 12 45 45
0656_0043_0005_0047_0047.jpg 1 43 5 47 47
0657_0015_0039_0034_0034.jpg 1 15 39 34 34
0658_0012_0029_0054_0054.jpg 1 12 29 54 54
0659_0030_0005_0054_0054.jpg 1 30 5 54 54
0660_0041_0030_0030_0030.jpg 1 41 30 30 30
0661_0019_0012_0044_0044.jpg 1 19 12 44 44
0662_0026_0028_0060_0060.jpg 1 26 28 60 60
0663_0020_0005_0066_0066.jpg 1 20 5 66 66
0664_0008_0038_0057_0057.jpg 1 8 38 57 57
0665_0029_0047_0034_0034.jpg 1 29 47 34 34
0666_0007_0015_0054_0054.jpg 1 7 15 54 54
0667_0045_0041_0046_0046.jpg 1 45 41 46 46
0668_0011_0006_0069_0069.jpg 1 11 6 69 69
0669_0007_0010_0060_0060.jpg 1 7 10 60 60
0670_0019_0044_0026_0026.jpg 1 19 44 26 26
0671_0012_0006_0035_0035.jpg 1 12 6 35 35
0672_0013_0013_0066_0066.jpg 1 13 13 66 66
0673_0031_0038_0036_0036.jpg 1 31 38 36 36
0674_0027_0023_0066_0066.jpg 1 27 23 66 66
0675_0031_0048_0024_0024.jpg 1 31 48 24 24
0676_0035_0030_0054_0054.jpg 1 35 30 54 54
0677_0034_0009_0048_0048.jpg 1 34 9 48 48
0678_0033_0059_0033_0033.jpg 1 33 59 33 33
0679_0009_0030_0042_0042.jpg 1 9 30 42 42
0680_0037_0006_0056_0056.jpg 1 37 6 56 56
0681_0007_0003_0066_0066.jpg 1 7 3 66 66
0682_0015_0030_0035_0035.jpg 1 15 30 35 35
0683_0038_0040_0031_0031.jpg 1 38 40 31 31
0684_0019_0037_0041_0041.jpg 1 19 37 41 41
0685_0018_0044_0045_0045.jpg 1 18 44 45 45
0686_0065_0036_0027_0027.jpg 1 65 36 27 27
0687_0019_0016_0030_0030.jpg 1 19 16 30 30
0688_0026_0032_0062_0062.jpg 1 26 32 62 62
0689_0006_0039_0049_0049.jpg 1 6 39 49 49
0690_0028_0054_0027_0027.jpg 1 28 54 27 27
0691_0036_0035_0048_0048.jpg 1 36 35 48 48
0692_0051_0026_0029_0029.jpg 1 51 26 29 29
0693_0022_0012_0045_0045.jpg 1 22 12 45 45
0694_0043_0005_0047_0047.jpg 1 43 5 47 47
0695_0015_0039_0034_0034.jpg 1 15 39 34 34
0696_0012_0029_0054_0054.jpg 1 12 29 54 54
0697_0030_0005_0054_0054.jpg 1 30 5 54 54
0698_0041_0030_0030_0030.jpg 1 41 30 30 30
0699_0019_0012_0044_0044.jpg 1 19 12 44 44
0700_0026_0028_0060_0060.jpg 1 26 28 60 60
0701_0020_0005_0066_0066.jpg 1 20 5 66 66
0702_0008_0038_0057_0057.jpg 1 8 38 57 57
0703_0029_0047_0034_0034.jpg 1 29 47 34 34
0704_0007_0015_0054_0054.jpg 1 7 15 54 54
0705_0045_0041_0046_0046.jpg 1 45 41 46 46
0706_0011_0006_0069_0069.jpg 1 11 6 69 69
0707_0007_0010_0060_0060.jpg 1 7 10 60 60
0708_0019_0044_0026_0026.jpg 1 19 44 26 26
0709_0012_0006_0035_0035.jpg 1 12 6 35 35
0710_0013_0013_0066_0066.jpg 1 13 13 66 66
0711_0031_0038_0036_0036.jpg 1 31 38 36 36
0712_0027_0023_0066_0066.jpg 1 27 23 66 66
0713_0031_0048_0024_0024.jpg 1 31 48 24 24
0714_0035_0030_0054_0054.jpg 1 35 30 54 54
0715_0034_0009_0048_0048.jpg 1 34 9 48 48
0716_0033_0059_0033_0033.jpg 1 33 59 33 33
0717_0009_0030_0042_0042.jpg 1 9 30 42 42
0718_0037_0006_0056_0056.jpg 1 37 6 56 56
0719_0007_0003_0066_0066.jpg 1 7 3 66 66
0720_0015_0030_0035_0035.jpg 1 15 30 35 35
0721_0038_0040_0031_0031.jpg 1 38 40 31 31
0722_0019_0037_0041_0041.jpg 1 19 37 41 41
0723_0018_0044_0045_0045.jpg 1 18 44 45 45
0724_0065_0036_0027_0027.jpg 1 65 36 27 27
0725_0019_0016_0030_0030.jpg 1 19 16 30 30
0726_0026_0032_0062_0062.jpg 1 26 32 62 62
0727_0006_0039_0049_0049.jpg 1 6 39 49 49
0728_0028_0054_0027_0027.jpg 1 28 54 27 27
0729_0036_0035_0048_0048.jpg 1 36 35 48 48
0730_0051_0026_0029_0029.jpg 1 51 26 29 29
0731_0022_0012_0045_0045.jpg 1 22 12 45 45
0732_0043_0005_0047_0047.jpg 1 43 5 47 47
0733_0015_0039_0034_0034.jpg 1 15 39 34 34
0734_0012_0029_0054_0054.jpg 1 12 29 54 54
0735_0030_0005_0054_0054.jpg 1 30 5 54 54
0736_0041_0030_0030_0030.jpg 1 41 30 30 30
0737_0019_0012_0044_0044.jpg 1 19 12 44 44
0738_0026_0028_0060_0060.jpg 1 26 28 60 60
0739_0020_0005_0066_0066.jpg 1 20 5 66 66
0740_0008_0038_0057_0057.jpg 1 8 38 57 57
0741_0029_0047_0034_0034.jpg 1 29 47 34 34
0742_0007_0015_0054_0054.jpg 1 7 15 54 54
0743_0045_0041_0046_0046.jpg 1 45 41 46 46
0744_0011_0006_0069_0069.jpg 1 11 6 69 69
0745_0007_0010_0060_0060.jpg 1 7 10 60 60
0746_0019_0044_0026_0026.jpg 1 19 44 26 26
0747_0012_0006_0035_0035.jpg 1 12 6 35 35
0748_0013_0013_0066_0066.jpg 1 13 13 66 66
0749_0031_0038_0036_0036.jpg 1 31 38 36 36
0750_0027_0023_0066_0066.jpg 1 27 23 66 66
0751_0031_0048_0024_0024.jpg 1 31 48 24 24
0752_0035_0030_0054_0054.jpg 1 35 30 54 54
0753_0034_0009_0048_0048.jpg 1 34 9 48 48
0754_0033_0059_0033_0033.jpg 1 33 59 33 33
0755_0009_0030_0042_0042.jpg 1 9 30 42 42
0756_0037_0006_0056_0056.jpg 1 37 6 56 56
0757_0007_0003_0066_0066.jpg 1 7 3 66 66
0758_0015_0030_0035_0035.jpg 1 15 30 35 35
0759_0038_0040_0031_0031.jpg 1 38 40 31 31
0760_0019_0037_0041_0041.jpg 1 19 37 41 41
0761_0018_0044_0045_0045.jpg 1 18 44 45 45
0762_0065_0036_0027_0027.jpg 1 65 36 27 27
0763_0019_0016_0030_0030.jpg 1 19 16 30 30
0764_0026_0032_0062_0062.jpg 1 26 32 62 62
0765_0006_0039_0049_0049.jpg 1 6 39 49 49
0766_0028_0054_0027_0027.jpg 1 28 54 27 27
0767_0036_0035_0048_0048.jpg 1 36 35 48 48
0768_0051_0026_0029_0029.jpg 1 51 26 29 29
0769_0022_0012_0045_0045.jpg 1 22 12 45 45
0770_0043_0005_0047_0047.jpg 1 43 5 47 47
0771_0015_0039_0034_0034.jpg 1 15 39 34 34
0772_0012_0029_0054_0054.jpg 1 12 29 54 54
0773_0030_0005_0054_0054.jpg 1 30 5 54 54
0774_0041_0030_0030_0030.jpg 1 41 30 30 30
0775_0019_0012_0044_0044.jpg 1 19 12 44 44
0776_0026_0028_0060_0060.jpg 1 26 28 60 60
0777_0020_0005_0066_0066.jpg 1 20 5 66 66
0778_0008_0038_0057_0057.jpg 1 8 38 57 57
0779_0029_0047_0034_0034.jpg 1 29 47 34 34
0780_0007_0015_0054_0054.jpg 1 7 15 54 54
0781_0045_0041_0046_0046.jpg 1 45 41 46 46
0782_0011_0006_0069_0069.jpg 1 11 6 69 69
0783_0007_0010_0060_0060.jpg 1 7 10 60 60
0784_0019_0044_0026_0026.jpg 1 19 44 26 26
0785_0012_0006_0035_0035.jpg 1 12 6 35 35
0786_0013_0013_0066_0066.jpg 1 13 13 66 66
0787_0031_0038_0036_0036.jpg 1 31 38 36 36
0788_0027_0023_0066_0066.jpg 1 27 23 66 66
0789_0031_0048_0024_0024.jpg 1 31 48 24 24
0790_0035_0030_0054_0054.jpg 1 35 30 54 54
0791_0034_0009_0048_0048.jpg 1 34 9 48 48
0792_0033_0059_0033_0033.jpg 1 33 59 33 33
0793_0009_0030_0042_0042.jpg 1 9 30 42 42
0794_0037_0006_0056_0056.jpg 1 37 6 56 56
0795_0007_0003_0066_0066.jpg 1 7 3 66 66
0796_0015_0030_0035_0035.jpg 1 15 30 35 35
0797_0038_0040_0031_0031.jpg 1 38 40 31 31
0798_0019_0037_0041_0041.jpg 1 19 37 41 41
0799_0018_0044_0045_0045.jpg 1 18 44 45 45
0800_0065_0036_0027_0027.jpg 1 65 36 27 27
0801_0019_0016_0030_0030.jpg 1 19 16 30 30
0802_0026_0032_0062_0062.jpg 1 26 32 62 62
0803_0006_0039_0049_0049.jpg 1 6 39 49 49
0804_0028_0054_0027_0027.jpg 1 28 54 27 27
0805_0036_0035_0048_0048.jpg 1 36 35 48 48
0806_0051_0026_0029_0029.jpg 1 51 26 29 29
0807_0022_0012_0045_0045.jpg 1 22 12 45 45
0808_0043_0005_0047_0047.jpg 1 43 5 47 47
0809_0015_0039_0034_0034.jpg 1 15 39 34 34
0810_0012_0029_0054_0054.jpg 1 12 29 54 54
0811_0030_0005_0054_0054.jpg 1 30 5 54 54
0812_0041_0030_0030_0030.jpg 1 41 30 30 30
0813_0019_0012_0044_0044.jpg 1 19 12 44 44
0814_0026_0028_0060_0060.jpg 1 26 28 60 60
0815_0020_0005_0066_0066.jpg 1 20 5 66 66
0816_0008_0038_0057_0057.jpg 1 8 38 57 57
0817_0029_0047_0034_0034.jpg 1 29 47 34 34
0818_0007_0015_0054_0054.jpg 1 7 15 54 54
0819_0045_0041_0046_0046.jpg 1 45 41 46 46
0820_0011_0006_0069_0069.jpg 1 11 6 69 69
0821_0007_0010_0060_0060.jpg 1 7 10 60 60
0822_0019_0044_0026_0026.jpg 1 19 44 26 26
0823_0012_0006_0035_0035.jpg 1 12 6 35 35
0824_0013_0013_0066_0066.jpg 1 13 13 66 66
0825_0031_0038_0036_0036.jpg 1 31 38 36 36
0826_0027_0023_0066_0066.jpg 1 27 23 66 66
0827_0031_0048_0024_0024.jpg 1 31 48 24 24
0828_0035_0030_0054_0054.jpg 1 35 30 54 54
0829_0034_0009_0048_0048.jpg 1 34 9 48 48
0830_0033_0059_0033_0033.jpg 1 33 59 33 33
0831_0009_0030_0042_0042.jpg 1 9 30 42 42
0832_0037_0006_0056_0056.jpg 1 37 6 56 56
0833_0007_0003_0066_0066.jpg 1 7 3 66 66
0834_0015_0030_0035_0035.jpg 1 15 30 35 35
0835_0038_0040_0031_0031.jpg 1 38 40 31 31
0836_0019_0037_0041_0041.jpg 1 19 37 41 41
0837_0018_0044_0045_0045.jpg 1 18 44 45 45
0838_0065_0036_0027_0027.jpg 1 65 36 27 27
0839_0019_0016_0030_0030.jpg 1 19 16 30 30
0840_0026_0032_0062_0062.jpg 1 26 32 62 62
0841_0006_0039_0049_0049.jpg 1 6 39 49 49
0842_0028_0054_0027_0027.jpg 1 28 54 27 27
0843_0036_0035_0048_0048.jpg 1 36 35 48 48
0844_0051_0026_0029_0029.jpg 1 51 26 29 29
0845_0022_0012_0045_0045.jpg 1 22 12 45 45
0846_0043_0005_0047_0047.jpg 1 43 5 47 47
0847_0015_0039_0034_0034.jpg 1 15 39 34 34
0848_0012_0029_0054_0054.jpg 1 12 29 54 54
0849_0030_0005_0054_0054.jpg 1 30 5 54 54
0850_0041_0030_0030_0030.jpg 1 41 30 30 30
0851_0019_0012_0044_0044.jpg 1 19 12 44 44
0852_0026_0028_0060_0060.jpg 1 26 28 60 60
0853_0020_0005_0066_0066.jpg 1 20 5 66 66
0854_0008_0038_0057_0057.jpg 1 8 38 57 57
0855_0029_0047_0034_0034.jpg 1 29 47 34 34
0856_0007_0015_0054_0054.jpg 1 7 15 54 54
0857_0045_0041_0046_0046.jpg 1 45 41 46 46
0858_0011_0006_0069_0069.jpg 1 11 6 69 69
0859_0007_0010_0060_0060.jpg 1 7 10 60 60
0860_0019_0044_0026_0026.jpg 1 19 44 26 26
0861_0012_0006_0035_0035.jpg 1 12 6 35 35
0862_0013_0013_0066_0066.jpg 1 13 13 66 66
0863_0031_0038_0036_0036.jpg 1 31 38 36 36
0864_0027_0023_0066_0066.jpg 1 27 23 66 66
0865_0031_0048_0024_0024.jpg 1 31 48 24 24
0866_0035_0030_0054_0054.jpg 1 35 30 54 54
0867_0034_0009_0048_0048.jpg 1 34 9 48 48
0868_0033_0059_0033_0033.jpg 1 33 59 33 33
0869_0009_0030_0042_0042.jpg 1 9 30 42 42
0870_0037_0006_0056_0056.jpg 1 37 6 56 56
0871_0007_0003_0066_0066.jpg 1 7 3 66 66
0872_0015_0030_0035_0035.jpg 1 15 30 35 35
0873_0038_0040_0031_0031.jpg 1 38 40 31 31
0874_0019_0037_0041_0041.jpg 1 19 37 41 41
0875_0018_0044_0045_0045.jpg 1 18 44 45 45
0876_0065_0036_0027_0027.jpg 1 65 36 27 27
0877_0019_0016_0030_0030.jpg 1 19 16 30 30
0878_0026_0032_0062_0062.jpg 1 26 32 62 62
0879_0006_0039_0049_0049.jpg 1 6 39 49 49
0880_0028_0054_0027_0027.jpg 1 28 54 27 27
0881_0036_0035_0048_0048.jpg 1 36 35 48 48
0882_0051_0026_0029_0029.jpg 1 51 26 29 29
0883_0022_0012_0045_0045.jpg 1 22 12 45 45
0884_0043_0005_0047_0047.jpg 1 43 5 47 47
0885_0015_0039_0034_0034.jpg 1 15 39 34 34
0886_0012_0029_0054_0054.jpg 1 12 29 54 54
0887_0030_0005_0054_0054.jpg 1 30 5 54 54
0888_0041_0030_0030_0030.jpg 1 41 30 30 30
0889_0019_0012_0044_0044.jpg 1 19 12 44 44
0890_0026_0028_0060_0060.jpg 1 26 28 60 60
0891_0020_0005_0066_0066.jpg 1 20 5 66 66
0892_0008_0038_0057_0057.jpg 1 8 38 57 57
0893_0029_0047_0034_0034.jpg 1 29 47 34 34
0894_0007_0015_0054_0054.jpg 1 7 15 54 54
0895_0045_0041_0046_0046.jpg 1 45 41 46 46
0896_0011_0006_0069_0069.jpg 1 11 6 69 69
0897_0007_0010_0060_0060.jpg 1 7 10 60 60
0898_0019_0044_0026_0026.jpg 1 19 44 26 26
0899_0012_0006_0035_0035.jpg 1 12 6 35 35
0900_0013_0013_0066_0066.jpg 1 13 13 66 66
0901_0031_0038_0036_0036.jpg 1 31 38 36 36
0902_0027_0023_0066_0066.jpg 1 27 23 66 66
0903_0031_0048_0024_0024.jpg 1 31 48 24 24
0904_0035_0030_0054_0054.jpg 1 35 30 54 54
0905_0034_0009_0048_0048.jpg 1 34 9 48 48
0906_0033_0059_0033_0033.jpg 1 33 59 33 33
0907_0009_0030_0042_0042.jpg 1 9 30 42 42
0908_0037_0006_0056_0056.jpg 1 37 6 56 56
0909_0007_0003_0066_0066.jpg 1 7 3 66 66
0910_0015_0030_0035_0035.jpg 1 15 30 35 35
0911_0038_0040_0031_0031.jpg 1 38 40 31 31
0912_0019_0037_0041_0041.jpg 1 19 37 41 41
0913_0018_0044_0045_0045.jpg 1 18 44 45 45
0914_0065_0036_0027_0027.jpg 1 65 36 27 27
0915_0019_0016_0030_0030.jpg 1 19 16 30 30
0916_0026_0032_0062_0062.jpg 1 26 32 62 62
0917_0006_0039_0049_0049.jpg 1 6 39 49 49
0918_0028_0054_0027_0027.jpg 1 28 54 27 27
0919_0036_0035_0048_0048.jpg 1 36 35 48 48
0920_0051_0026_0029_0029.jpg 1 51 26 29 29
0921_0022_0012_0045_0045.jpg 1 22 12 45 45
0922_0043_0005_0047_0047.jpg 1 43 5 47 47
0923_0015_0039_0034_0034.jpg 1 15 39 34 34
0924_0012_0029_0054_0054.jpg 1 12 29 54 54
0925_0030_0005_0054_0054.jpg 1 30 5 54 54
0926_0041_0030_0030_0030.jpg 1 41 30 30 30
0927_0019_0012_0044_0044.jpg 1 19 12 44 44
0928_0026_0028_0060_0060.jpg 1 26 28 60 60
0929_0020_0005_0066_0066.jpg 1 20 5 66 66
0930_0008_0038_0057_0057.jpg 1 8 38 57 57
0931_0029_0047_0034_0034.jpg 1 29 47 34 34
0932_0007_0015_0054_0054.jpg 1 7 15 54 54
0933_0045_0041_0046_0046.jpg 1 45 41 46 46
0934_0011_0006_0069_0069.jpg 1 11 6 69 69
0935_0007_0010_0060_0060.jpg 1 7 10 60 60
0936_0019_0044_0026_0026.jpg 1 19 44 26 26
0937_0012_0006_0035_0035.jpg 1 12 6 35 35
0938_0013_0013_0066_0066.jpg 1 13 13 66 66
0939_0031_0038_0036_0036.jpg 1 31 38 36 36
0940_0027_0023_0066_0066.jpg 1 27 23 66 66
0941_0031_0048_0024_0024.jpg 1 31 48 24 24
0942_0035_0030_0054_0054.jpg 1 35 30 54 54
0943_0034_0009_0048_0048.jpg 1 34 9 48 48
0944_0033_0059_0033_0033.jpg 1 33 59 33 33
0945_0009_0030_0042_0042.jpg 1 9 30 42 42
0946_0037_0006_0056_0056.jpg 1 37 6 56 56
0947_0007_0003_0066_0066.jpg 1 7 3 66 66
0948_0015_0030_0035_0035.jpg 1 15 30 35 35
0949_0038_0040_0031_0031.jpg 1 38 40 31 31
0950_0019_0037_0041_0041.jpg 1 19 37 41 41
0951_0018_0044_0045_0045.jpg 1 18 44 45 45
0952_0065_0036_0027_0027.jpg 1 65 36 27 27
0953_0019_0016_0030_0030.jpg 1 19 16 30 30
0954_0026_0032_0062_0062.jpg 1 26 32 62 62
0955_0006_0039_0049_0049.jpg 1 6 39 49 49
0956_0028_0054_0027_0027.jpg 1 28 54 27 27
0957_0036_0035_0048_0048.jpg 1 36 35 48 48
0958_0051_0026_0029_0029.jpg 1 51 26 29 29
0959_0022_0012_0045_0045.jpg 1 22 12 45 45
0960_0043_0005_0047_0047.jpg 1 43 5 47 47
0961_0015_0039_0034_0034.jpg 1 15 39 34 34
0962_0012_0029_0054_0054.jpg 1 12 29 54 54
0963_0030_0005_0054_0054.jpg 1 30 5 54 54
0964_0041_0030_0030_0030.jpg 1 41 30 30 30
0965_0019_0012_0044_0044.jpg 1 19 12 44 44
0966_0026_0028_0060_0060.jpg 1 26 28 60 60
0967_0020_0005_0066_0066.jpg 1 20 5 66 66
0968_0008_0038_0057_0057.jpg 1 8 38 57 57
0969_0029_0047_0034_0034.jpg 1 29 47 34 34
0970_0007_0015_0054_0054.jpg 1 7 15 54 54
0971_0045_0041_0046_0046.jpg 1 45 41 46 46
0972_0011_0006_0069_0069.jpg 1 11 6 69 69
0973_0007_0010_0060_0060.jpg 1 7 10 60 60
0974_0019_0044_0026_0026.jpg 1 19 44 26 26
0975_0012_0006_0035_0035.jpg 1 12 6 35 35
0976_0013_0013_0066_0066.jpg 1 13 13 66 66
0977_0031_0038_0036_0036.jpg 1 31 38 36 36
0978_0027_0023_0066_0066.jpg 1 27 23 66 66
0979_0031_0048_0024_0024.jpg 1 31 48 24 24
0980_0035_0030_0054_0054.jpg 1 35 30 54 54
0981_0034_0009_0048_0048.jpg 1 34 9 48 48
0982_0033_0059_0033_0033.jpg 1 33 59 33 33
0983_0009_0030_0042_0042.jpg 1 9 30 42 42
0984_0037_0006_0056_0056.jpg 1 37 6 56 56
0985_0027_0046_0039_0039.jpg 1 27 46 39 39
0986_0014_0027_0037_0037.jpg 1 14 27 37 37
0987_0034_0016_0052_0052.jpg 1 34 16 52 52
0988_0036_0009_0047_0047.jpg 1 36 9 47 47
0989_0026_0015_0056_0056.jpg 1 26 15 56 56
0990_0005_0042_0053_0053.jpg 1 5 42 53 53
0991_0018_0011_0059_0059.jpg 1 18 11 59 59
0992_0029_0026_0050_0050.jpg 1 29 26 50 50
0993_0005_0031_0055_0055.jpg 1 5 31 55 55
0994_0015_0038_0051_0051.jpg 1 15 38 51 51
0995_0009_0023_0044_0044.jpg 1 9 23 44 44
0996_0031_0022_0055_0055.jpg 1 31 22 55 55
0997_0024_0032_0045_0045.jpg 1 24 32 45 45
0998_0020_0046_0044_0044.jpg 1 20 46 44 44
0999_0025_0026_0065_0065.jpg 1 25 26 65 65
1000_0017_0013_0063_0063.jpg 1 17 13 63 63
1001_0010_0014_0064_0064.jpg 1 10 14 64 64
1002_0005_0030_0053_0053.jpg 1 5 30 53 53
1003_0052_0031_0032_0032.jpg 1 52 31 32 32
1004_0009_0044_0034_0034.jpg 1 9 44 34 34
1005_0007_0023_0067_0067.jpg 1 7 23 67 67
1006_0050_0064_0028_0028.jpg 1 50 64 28 28
1007_0003_0012_0068_0068.jpg 1 3 12 68 68
1008_0032_0030_0048_0048.jpg 1 32 30 48 48
1009_0031_0021_0033_0033.jpg 1 31 21 33 33
1010_0033_0023_0052_0052.jpg 1 33 23 52 52
1011_0015_0033_0025_0025.jpg 1 15 33 25 25
1012_0018_0007_0044_0044.jpg 1 18 7 44 44
1013_0008_0028_0036_0036.jpg 1 8 28 36 36
1014_0023_0008_0055_0055.jpg 1 23 8 55 55
1015_0033_0006_0060_0060.jpg 1 33 6 60 60
1016_0009_0018_0027_0027.jpg 1 9 18 27 27
1017_0038_0004_0053_0053.jpg 1 38 4 53 53
1018_0007_0040_0050_0050.jpg 1 7 40 50 50
1019_0004_0009_0069_0069.jpg 1 4 9 69 69
1020_0020_0006_0050_0050.jpg 1 20 6 50 50
1021_0031_0013_0060_0060.jpg 1 31 13 60 60
1022_0005_0039_0055_0055.jpg 1 5 39 55 55
1023_0027_0046_0039_0039.jpg 1 27 46 39 39
1024_0014_0027_0037_0037.jpg 1 14 27 37 37
1025_0034_0016_0052_0052.jpg 1 34 16 52 52
1026_0036_0009_0047_0047.jpg 1 36 9 47 47
1027_0026_0015_0056_0056.jpg 1 26 15 56 56
1028_0005_0042_0053_0053.jpg 1 5 42 53 53
1029_0018_0011_0059_0059.jpg 1 18 11 59 59
1030_0029_0026_0050_0050.jpg 1 29 26 50 50
1031_0005_0031_0055_0055.jpg 1 5 31 55 55
1032_0015_0038_0051_0051.jpg 1 15 38 51 51
1033_0009_0023_0044_0044.jpg 1 9 23 44 44
1034_0031_0022_0055_0055.jpg 1 31 22 55 55
1035_0024_0032_0045_0045.jpg 1 24 32 45 45
1036_0020_0046_0044_0044.jpg 1 20 46 44 44
1037_0025_0026_0065_0065.jpg 1 25 26 65 65
1038_0017_0013_0063_0063.jpg 1 17 13 63 63
1039_0010_0014_0064_0064.jpg 1 10 14 64 64
1040_0005_0030_0053_0053.jpg 1 5 30 53 53
1041_0052_0031_0032_0032.jpg 1 52 31 32 32
1042_0009_0044_0034_0034.jpg 1 9 44 34 34
1043_0007_0023_0067_0067.jpg 1 7 23 67 67
1044_0050_0064_0028_0028.jpg 1 50 64 28 28
1045_0003_0012_0068_0068.jpg 1 3 12 68 68
1046_0032_0030_0048_0048.jpg 1 32 30 48 48
1047_0031_0021_0033_0033.jpg 1 31 21 33 33
1048_0033_0023_0052_0052.jpg 1 33 23 52 52
1049_0015_0033_0025_0025.jpg 1 15 33 25 25
1050_0018_0007_0044_0044.jpg 1 18 7 44 44
1051_0008_0028_0036_0036.jpg 1 8 28 36 36
1052_0023_0008_0055_0055.jpg 1 23 8 55 55
1053_0033_0006_0060_0060.jpg 1 33 6 60 60
1054_0009_0018_0027_0027.jpg 1 9 18 27 27
1055_0038_0004_0053_0053.jpg 1 38 4 53 53
1056_0007_0040_0050_0050.jpg 1 7 40 50 50
1057_0004_0009_0069_0069.jpg 1 4 9 69 69
1058_0020_0006_0050_0050.jpg 1 20 6 50 50
1059_0031_0013_0060_0060.jpg 1 31 13 60 60
1060_0005_0039_0055_0055.jpg 1 5 39 55 55
1061_0027_0046_0039_0039.jpg 1 27 46 39 39
1062_0014_0027_0037_0037.jpg 1 14 27 37 37
1063_0034_0016_0052_0052.jpg 1 34 16 52 52
1064_0036_0009_0047_0047.jpg 1 36 9 47 47
1065_0026_0015_0056_0056.jpg 1 26 15 56 56
1066_0005_0042_0053_0053.jpg 1 5 42 53 53
1067_0018_0011_0059_0059.jpg 1 18 11 59 59
1068_0029_0026_0050_0050.jpg 1 29 26 50 50
1069_0005_0031_0055_0055.jpg 1 5 31 55 55
1070_0015_0038_0051_0051.jpg 1 15 38 51 51
1071_0009_0023_0044_0044.jpg 1 9 23 44 44
1072_0031_0022_0055_0055.jpg 1 31 22 55 55
1073_0024_0032_0045_0045.jpg 1 24 32 45 45
1074_0020_0046_0044_0044.jpg 1 20 46 44 44
1075_0025_0026_0065_0065.jpg 1 25 26 65 65
1076_0017_0013_0063_0063.jpg 1 17 13 63 63
1077_0010_0014_0064_0064.jpg 1 10 14 64 64
1078_0005_0030_0053_0053.jpg 1 5 30 53 53
1079_0052_0031_0032_0032.jpg 1 52 31 32 32
1080_0009_0044_0034_0034.jpg 1 9 44 34 34
1081_0007_0023_0067_0067.jpg 1 7 23 67 67
1082_0050_0064_0028_0028.jpg 1 50 64 28 28
1083_0003_0012_0068_0068.jpg 1 3 12 68 68
1084_0032_0030_0048_0048.jpg 1 32 30 48 48
1085_0031_0021_0033_0033.jpg 1 31 21 33 33
1086_0033_0023_0052_0052.jpg 1 33 23 52 52
1087_0015_0033_0025_0025.jpg 1 15 33 25 25
1088_0018_0007_0044_0044.jpg 1 18 7 44 44
1089_0008_0028_0036_0036.jpg 1 8 28 36 36
1090_0023_0008_0055_0055.jpg 1 23 8 55 55
1091_0033_0006_0060_0060.jpg 1 33 6 60 60
1092_0009_0018_0027_0027.jpg 1 9 18 27 27
1093_0038_0004_0053_0053.jpg 1 38 4 53 53
1094_0007_0040_0050_0050.jpg 1 7 40 50 50
1095_0004_0009_0069_0069.jpg 1 4 9 69 69
1096_0020_0006_0050_0050.jpg 1 20 6 50 50
1097_0031_0013_0060_0060.jpg 1 31 13 60 60
1098_0005_0039_0055_0055.jpg 1 5 39 55 55
1099_0027_0046_0039_0039.jpg 1 27 46 39 39
1100_0014_0027_0037_0037.jpg 1 14 27 37 37
1101_0034_0016_0052_0052.jpg 1 34 16 52 52
1102_0036_0009_0047_0047.jpg 1 36 9 47 47
1103_0026_0015_0056_0056.jpg 1 26 15 56 56
1104_0005_0042_0053_0053.jpg 1 5 42 53 53
1105_0018_0011_0059_0059.jpg 1 18 11 59 59
1106_0029_0026_0050_0050.jpg 1 29 26 50 50
1107_0005_0031_0055_0055.jpg 1 5 31 55 55
1108_0015_0038_0051_0051.jpg 1 15 38 51 51
1109_0009_0023_0044_0044.jpg 1 9 23 44 44
1110_0031_0022_0055_0055.jpg 1 31 22 55 55
1111_0024_0032_0045_0045.jpg 1 24 32 45 45
1112_0020_0046_0044_0044.jpg 1 20 46 44 44
1113_0025_0026_0065_0065.jpg 1 25 26 65 65
1114_0017_0013_0063_0063.jpg 1 17 13 63 63
1115_0010_0014_0064_0064.jpg 1 10 14 64 64
1116_0005_0030_0053_0053.jpg 1 5 30 53 53
1117_0052_0031_0032_0032.jpg 1 52 31 32 32
1118_0009_0044_0034_0034.jpg 1 9 44 34 34
1119_0007_0023_0067_0067.jpg 1 7 23 67 67
1120_0050_0064_0028_0028.jpg 1 50 64 28 28
1121_0003_0012_0068_0068.jpg 1 3 12 68 68
1122_0032_0030_0048_0048.jpg 1 32 30 48 48
1123_0031_0021_0033_0033.jpg 1 31 21 33 33
1124_0033_0023_0052_0052.jpg 1 33 23 52 52
1125_0015_0033_0025_0025.jpg 1 15 33 25 25
1126_0018_0007_0044_0044.jpg 1 18 7 44 44
1127_0008_0028_0036_0036.jpg 1 8 28 36 36
1128_0023_0008_0055_0055.jpg 1 23 8 55 55
1129_0033_0006_0060_0060.jpg 1 33 6 60 60
1130_0009_0018_0027_0027.jpg 1 9 18 27 27
1131_0038_0004_0053_0053.jpg 1 38 4 53 53
1132_0007_0040_0050_0050.jpg 1 7 40 50 50
1133_0004_0009_0069_0069.jpg 1 4 9 69 69
1134_0020_0006_0050_0050.jpg 1 20 6 50 50
1135_0031_0013_0060_0060.jpg 1 31 13 60 60
1136_0005_0039_0055_0055.jpg 1 5 39 55 55
1137_0027_0046_0039_0039.jpg 1 27 46 39 39
1138_0014_0027_0037_0037.jpg 1 14 27 37 37
1139_0034_0016_0052_0052.jpg 1 34 16 52 52
1140_0036_0009_0047_0047.jpg 1 36 9 47 47
1141_0026_0015_0056_0056.jpg 1 26 15 56 56
1142_0005_0042_0053_0053.jpg 1 5 42 53 53
1143_0018_0011_0059_0059.jpg 1 18 11 59 59
1144_0029_0026_0050_0050.jpg 1 29 26 50 50
1145_0005_0031_0055_0055.jpg 1 5 31 55 55
1146_0015_0038_0051_0051.jpg 1 15 38 51 51
1147_0009_0023_0044_0044.jpg 1 9 23 44 44
1148_0031_0022_0055_0055.jpg 1 31 22 55 55
1149_0024_0032_0045_0045.jpg 1 24 32 45 45
1150_0020_0046_0044_0044.jpg 1 20 46 44 44
1151_0025_0026_0065_0065.jpg 1 25 26 65 65
1152_0017_0013_0063_0063.jpg 1 17 13 63 63
1153_0010_0014_0064_0064.jpg 1 10 14 64 64
1154_0005_0030_0053_0053.jpg 1 5 30 53 53
1155_0052_0031_0032_0032.jpg 1 52 31 32 32
1156_0009_0044_0034_0034.jpg 1 9 44 34 34
1157_0007_0023_0067_0067.jpg 1 7 23 67 67
1158_0050_0064_0028_0028.jpg 1 50 64 28 28
1159_0003_0012_0068_0068.jpg 1 3 12 68 68
1160_0032_0030_0048_0048.jpg 1 32 30 48 48
1161_0031_0021_0033_0033.jpg 1 31 21 33 33
1162_0033_0023_0052_0052.jpg 1 33 23 52 52
1163_0015_0033_0025_0025.jpg 1 15 33 25 25
1164_0018_0007_0044_0044.jpg 1 18 7 44 44
1165_0008_0028_0036_0036.jpg 1 8 28 36 36
1166_0023_0008_0055_0055.jpg 1 23 8 55 55
1167_0033_0006_0060_0060.jpg 1 33 6 60 60
1168_0009_0018_0027_0027.jpg 1 9 18 27 27
1169_0038_0004_0053_0053.jpg 1 38 4 53 53
1170_0007_0040_0050_0050.jpg 1 7 40 50 50
1171_0004_0009_0069_0069.jpg 1 4 9 69 69
1172_0020_0006_0050_0050.jpg 1 20 6 50 50
1173_0031_0013_0060_0060.jpg 1 31 13 60 60
1174_0005_0039_0055_0055.jpg 1 5 39 55 55
1175_0027_0046_0039_0039.jpg 1 27 46 39 39
1176_0014_0027_0037_0037.jpg 1 14 27 37 37
1177_0034_0016_0052_0052.jpg 1 34 16 52 52
1178_0036_0009_0047_0047.jpg 1 36 9 47 47
1179_0026_0015_0056_0056.jpg 1 26 15 56 56
1180_0005_0042_0053_0053.jpg 1 5 42 53 53
1181_0018_0011_0059_0059.jpg 1 18 11 59 59
1182_0029_0026_0050_0050.jpg 1 29 26 50 50
1183_0005_0031_0055_0055.jpg 1 5 31 55 55
1184_0015_0038_0051_0051.jpg 1 15 38 51 51
1185_0009_0023_0044_0044.jpg 1 9 23 44 44
1186_0031_0022_0055_0055.jpg 1 31 22 55 55
1187_0024_0032_0045_0045.jpg 1 24 32 45 45
1188_0020_0046_0044_0044.jpg 1 20 46 44 44
1189_0025_0026_0065_0065.jpg 1 25 26 65 65
1190_0017_0013_0063_0063.jpg 1 17 13 63 63
1191_0010_0014_0064_0064.jpg 1 10 14 64 64
1192_0005_0030_0053_0053.jpg 1 5 30 53 53
1193_0052_0031_0032_0032.jpg 1 52 31 32 32
1194_0009_0044_0034_0034.jpg 1 9 44 34 34
1195_0007_0023_0067_0067.jpg 1 7 23 67 67
1196_0050_0064_0028_0028.jpg 1 50 64 28 28
1197_0003_0012_0068_0068.jpg 1 3 12 68 68
1198_0032_0030_0048_0048.jpg 1 32 30 48 48
1199_0031_0021_0033_0033.jpg 1 31 21 33 33
1200_0033_0023_0052_0052.jpg 1 33 23 52 52
1201_0015_0033_0025_0025.jpg 1 15 33 25 25
1202_0018_0007_0044_0044.jpg 1 18 7 44 44
1203_0008_0028_0036_0036.jpg 1 8 28 36 36
1204_0023_0008_0055_0055.jpg 1 23 8 55 55
1205_0033_0006_0060_0060.jpg 1 33 6 60 60
1206_0009_0018_0027_0027.jpg 1 9 18 27 27
1207_0038_0004_0053_0053.jpg 1 38 4 53 53
1208_0007_0040_0050_0050.jpg 1 7 40 50 50
1209_0004_0009_0069_0069.jpg 1 4 9 69 69
1210_0020_0006_0050_0050.jpg 1 20 6 50 50
1211_0031_0013_0060_0060.jpg 1 31 13 60 60
1212_0005_0039_0055_0055.jpg 1 5 39 55 55
1213_0027_0046_0039_0039.jpg 1 27 46 39 39
1214_0014_0027_0037_0037.jpg 1 14 27 37 37
1215_0034_0016_0052_0052.jpg 1 34 16 52 52
1216_0036_0009_0047_0047.jpg 1 36 9 47 47
1217_0026_0015_0056_0056.jpg 1 26 15 56 56
1218_0005_0042_0053_0053.jpg 1 5 42 53 53
1219_0018_0011_0059_0059.jpg 1 18 11 59 59
1220_0029_0026_0050_0050.jpg 1 29 26 50 50
1221_0005_0031_0055_0055.jpg 1 5 31 55 55
1222_0015_0038_0051_0051.jpg 1 15 38 51 51
1223_0009_0023_0044_0044.jpg 1 9 23 44 44
1224_0031_0022_0055_0055.jpg 1 31 22 55 55
1225_0024_0032_0045_0045.jpg 1 24 32 45 45
1226_0020_0046_0044_0044.jpg 1 20 46 44 44
1227_0025_0026_0065_0065.jpg 1 25 26 65 65
1228_0017_0013_0063_0063.jpg 1 17 13 63 63
1229_0010_0014_0064_0064.jpg 1 10 14 64 64
1230_0005_0030_0053_0053.jpg 1 5 30 53 53
1231_0052_0031_0032_0032.jpg 1 52 31 32 32
1232_0009_0044_0034_0034.jpg 1 9 44 34 34
1233_0007_0023_0067_0067.jpg 1 7 23 67 67
1234_0050_0064_0028_0028.jpg 1 50 64 28 28
1235_0003_0012_0068_0068.jpg 1 3 12 68 68
1236_0032_0030_0048_0048.jpg 1 32 30 48 48
1237_0031_0021_0033_0033.jpg 1 31 21 33 33
1238_0033_0023_0052_0052.jpg 1 33 23 52 52
1239_0015_0033_0025_0025.jpg 1 15 33 25 25
1240_0018_0007_0044_0044.jpg 1 18 7 44 44
1241_0008_0028_0036_0036.jpg 1 8 28 36 36
1242_0023_0008_0055_0055.jpg 1 23 8 55 55
1243_0033_0006_0060_0060.jpg 1 33 6 60 60
1244_0009_0018_0027_0027.jpg 1 9 18 27 27
1245_0038_0004_0053_0053.jpg 1 38 4 53 53
1246_0007_0040_0050_0050.jpg 1 7 40 50 50
1247_0004_0009_0069_0069.jpg 1 4 9 69 69
1248_0020_0006_0050_0050.jpg 1 20 6 50 50
1249_0031_0013_0060_0060.jpg 1 31 13 60 60
1250_0005_0039_0055_0055.jpg 1 5 39 55 55
1251_0027_0046_0039_0039.jpg 1 27 46 39 39
1252_0014_0027_0037_0037.jpg 1 14 27 37 37
1253_0034_0016_0052_0052.jpg 1 34 16 52 52
1254_0036_0009_0047_0047.jpg 1 36 9 47 47
1255_0026_0015_0056_0056.jpg 1 26 15 56 56
1256_0005_0042_0053_0053.jpg 1 5 42 53 53
1257_0018_0011_0059_0059.jpg 1 18 11 59 59
1258_0029_0026_0050_0050.jpg 1 29 26 50 50
1259_0005_0031_0055_0055.jpg 1 5 31 55 55
1260_0015_0038_0051_0051.jpg 1 15 38 51 51
1261_0009_0023_0044_0044.jpg 1 9 23 44 44
1262_0031_0022_0055_0055.jpg 1 31 22 55 55
1263_0024_0032_0045_0045.jpg 1 24 32 45 45
1264_0020_0046_0044_0044.jpg 1 20 46 44 44
1265_0025_0026_0065_0065.jpg 1 25 26 65 65
1266_0017_0013_0063_0063.jpg 1 17 13 63 63
1267_0010_0014_0064_0064.jpg 1 10 14 64 64
1268_0005_0030_0053_0053.jpg 1 5 30 53 53
1269_0052_0031_0032_0032.jpg 1 52 31 32 32
1270_0009_0044_0034_0034.jpg 1 9 44 34 34
1271_0007_0023_0067_0067.jpg 1 7 23 67 67
1272_0050_0064_0028_0028.jpg 1 50 64 28 28
1273_0003_0012_0068_0068.jpg 1 3 12 68 68
1274_0032_0030_0048_0048.jpg 1 32 30 48 48
1275_0031_0021_0033_0033.jpg 1 31 21 33 33
1276_0033_0023_0052_0052.jpg 1 33 23 52 52
1277_0015_0033_0025_0025.jpg 1 15 33 25 25
1278_0018_0007_0044_0044.jpg 1 18 7 44 44
1279_0008_0028_0036_0036.jpg 1 8 28 36 36
1280_0023_0008_0055_0055.jpg 1 23 8 55 55
1281_0033_0006_0060_0060.jpg 1 33 6 60 60
1282_0009_0018_0027_0027.jpg 1 9 18 27 27
1283_0038_0004_0053_0053.jpg 1 38 4 53 53
1284_0007_0040_0050_0050.jpg 1 7 40 50 50
1285_0004_0009_0069_0069.jpg 1 4 9 69 69
1286_0020_0006_0050_0050.jpg 1 20 6 50 50
1287_0031_0013_0060_0060.jpg 1 31 13 60 60
1288_0005_0039_0055_0055.jpg 1 5 39 55 55
1289_0027_0046_0039_0039.jpg 1 27 46 39 39
1290_0014_0027_0037_0037.jpg 1 14 27 37 37
1291_0034_0016_0052_0052.jpg 1 34 16 52 52
1292_0036_0009_0047_0047.jpg 1 36 9 47 47
1293_0026_0015_0056_0056.jpg 1 26 15 56 56
1294_0005_0042_0053_0053.jpg 1 5 42 53 53
1295_0018_0011_0059_0059.jpg 1 18 11 59 59
1296_0029_0026_0050_0050.jpg 1 29 26 50 50
1297_0005_0031_0055_0055.jpg 1 5 31 55 55
1298_0015_0038_0051_0051.jpg 1 15 38 51 51
1299_0009_0023_0044_0044.jpg 1 9 23 44 44
1300_0031_0022_0055_0055.jpg 1 31 22 55 55
1301_0024_0032_0045_0045.jpg 1 24 32 45 45
1302_0020_0046_0044_0044.jpg 1 20 46 44 44
1303_0025_0026_0065_0065.jpg 1 25 26 65 65
1304_0017_0013_0063_0063.jpg 1 17 13 63 63
1305_0010_0014_0064_0064.jpg 1 10 14 64 64
1306_0005_0030_0053_0053.jpg 1 5 30 53 53
1307_0052_0031_0032_0032.jpg 1 52 31 32 32
1308_0009_0044_0034_0034.jpg 1 9 44 34 34
1309_0007_0023_0067_0067.jpg 1 7 23 67 67
1310_0050_0064_0028_0028.jpg 1 50 64 28 28
1311_0003_0012_0068_0068.jpg 1 3 12 68 68
1312_0032_0030_0048_0048.jpg 1 32 30 48 48
1313_0031_0021_0033_0033.jpg 1 31 21 33 33
1314_0033_0023_0052_0052.jpg 1 33 23 52 52
1315_0015_0033_0025_0025.jpg 1 15 33 25 25
1316_0018_0007_0044_0044.jpg 1 18 7 44 44
1317_0008_0028_0036_0036.jpg 1 8 28 36 36
1318_0023_0008_0055_0055.jpg 1 23 8 55 55
1319_0033_0006_0060_0060.jpg 1 33 6 60 60
1320_0009_0018_0027_0027.jpg 1 9 18 27 27
1321_0038_0004_0053_0053.jpg 1 38 4 53 53
1322_0007_0040_0050_0050.jpg 1 7 40 50 50
1323_0004_0009_0069_0069.jpg 1 4 9 69 69
1324_0020_0006_0050_0050.jpg 1 20 6 50 50
1325_0031_0013_0060_0060.jpg 1 31 13 60 60
1326_0005_0039_0055_0055.jpg 1 5 39 55 55
1327_0027_0046_0039_0039.jpg 1 27 46 39 39
1328_0014_0027_0037_0037.jpg 1 14 27 37 37
1329_0034_0016_0052_0052.jpg 1 34 16 52 52
1330_0036_0009_0047_0047.jpg 1 36 9 47 47
1331_0026_0015_0056_0056.jpg 1 26 15 56 56
1332_0005_0042_0053_0053.jpg 1 5 42 53 53
1333_0018_0011_0059_0059.jpg 1 18 11 59 59
1334_0029_0026_0050_0050.jpg 1 29 26 50 50
1335_0005_0031_0055_0055.jpg 1 5 31 55 55
1336_0015_0038_0051_0051.jpg 1 15 38 51 51
1337_0009_0023_0044_0044.jpg 1 9 23 44 44
1338_0031_0022_0055_0055.jpg 1 31 22 55 55
1339_0024_0032_0045_0045.jpg 1 24 32 45 45
1340_0020_0046_0044_0044.jpg 1 20 46 44 44
1341_0025_0026_0065_0065.jpg 1 25 26 65 65
1342_0017_0013_0063_0063.jpg 1 17 13 63 63
1343_0010_0014_0064_0064.jpg 1 10 14 64 64
1344_0005_0030_0053_0053.jpg 1 5 30 53 53
1345_0052_0031_0032_0032.jpg 1 52 31 32 32
1346_0009_0044_0034_0034.jpg 1 9 44 34 34
1347_0007_0023_0067_0067.jpg 1 7 23 67 67
1348_0050_0064_0028_0028.jpg 1 50 64 28 28
1349_0003_0012_0068_0068.jpg 1 3 12 68 68
1350_0032_0030_0048_0048.jpg 1 32 30 48 48
1351_0031_0021_0033_0033.jpg 1 31 21 33 33
1352_0033_0023_0052_0052.jpg 1 33 23 52 52
1353_0015_0033_0025_0025.jpg 1 15 33 25 25
1354_0018_0007_0044_0044.jpg 1 18 7 44 44
1355_0008_0028_0036_0036.jpg 1 8 28 36 36
1356_0023_0008_0055_0055.jpg 1 23 8 55 55
1357_0033_0006_0060_0060.jpg 1 33 6 60 60
1358_0009_0018_0027_0027.jpg 1 9 18 27 27
1359_0038_0004_0053_0053.jpg 1 38 4 53 53
1360_0007_0040_0050_0050.jpg 1 7 40 50 50
1361_0004_0009_0069_0069.jpg 1 4 9 69 69
1362_0020_0006_0050_0050.jpg 1 20 6 50 50
1363_0031_0013_0060_0060.jpg 1 31 13 60 60
1364_0005_0039_0055_0055.jpg 1 5 39 55 55
1365_0027_0046_0039_0039.jpg 1 27 46 39 39
1366_0014_0027_0037_0037.jpg 1 14 27 37 37
1367_0034_0016_0052_0052.jpg 1 34 16 52 52
1368_0036_0009_0047_0047.jpg 1 36 9 47 47
1369_0026_0015_0056_0056.jpg 1 26 15 56 56
1370_0005_0042_0053_0053.jpg 1 5 42 53 53
1371_0018_0011_0059_0059.jpg 1 18 11 59 59
1372_0029_0026_0050_0050.jpg 1 29 26 50 50
1373_0005_0031_0055_0055.jpg 1 5 31 55 55
1374_0015_0038_0051_0051.jpg 1 15 38 51 51
1375_0009_0023_0044_0044.jpg 1 9 23 44 44
1376_0031_0022_0055_0055.jpg 1 31 22 55 55
1377_0024_0032_0045_0045.jpg 1 24 32 45 45
1378_0020_0046_0044_0044.jpg 1 20 46 44 44
1379_0025_0026_0065_0065.jpg 1 25 26 65 65
1380_0017_0013_0063_0063.jpg 1 17 13 63 63
1381_0010_0014_0064_0064.jpg 1 10 14 64 64
1382_0005_0030_0053_0053.jpg 1 5 30 53 53
1383_0052_0031_0032_0032.jpg 1 52 31 32 32
1384_0009_0044_0034_0034.jpg 1 9 44 34 34
1385_0007_0023_0067_0067.jpg 1 7 23 67 67
1386_0050_0064_0028_0028.jpg 1 50 64 28 28
1387_0003_0012_0068_0068.jpg 1 3 12 68 68
1388_0032_0030_0048_0048.jpg 1 32 30 48 48
1389_0031_0021_0033_0033.jpg 1 31 21 33 33
1390_0033_0023_0052_0052.jpg 1 33 23 52 52
1391_0015_0033_0025_0025.jpg 1 15 33 25 25
1392_0018_0007_0044_0044.jpg 1 18 7 44 44
1393_0008_0028_0036_0036.jpg 1 8 28 36 36
1394_0023_0008_0055_0055.jpg 1 23 8 55 55
1395_0033_0006_0060_0060.jpg 1 33 6 60 60
1396_0009_0018_0027_0027.jpg 1 9 18 27 27
1397_0038_0004_0053_0053.jpg 1 38 4 53 53
1398_0007_0040_0050_0050.jpg 1 7 40 50 50
1399_0004_0009_0069_0069.jpg 1 4 9 69 69
1400_0020_0006_0050_0050.jpg 1 20 6 50 50
1401_0031_0013_0060_0060.jpg 1 31 13 60 60
1402_0005_0039_0055_0055.jpg 1 5 39 55 55
1403_0027_0046_0039_0039.jpg 1 27 46 39 39
1404_0014_0027_0037_0037.jpg 1 14 27 37 37
1405_0034_0016_0052_0052.jpg 1 34 16 52 52
1406_0036_0009_0047_0047.jpg 1 36 9 47 47
1407_0026_0015_0056_0056.jpg 1 26 15 56 56
1408_0005_0042_0053_0053.jpg 1 5 42 53 53
1409_0018_0011_0059_0059.jpg 1 18 11 59 59
1410_0029_0026_0050_0050.jpg 1 29 26 50 50
1411_0005_0031_0055_0055.jpg 1 5 31 55 55
1412_0015_0038_0051_0051.jpg 1 15 38 51 51
1413_0009_0023_0044_0044.jpg 1 9 23 44 44
1414_0031_0022_0055_0055.jpg 1 31 22 55 55
1415_0024_0032_0045_0045.jpg 1 24 32 45 45
1416_0020_0046_0044_0044.jpg 1 20 46 44 44
1417_0025_0026_0065_0065.jpg 1 25 26 65 65
1418_0017_0013_0063_0063.jpg 1 17 13 63 63
1419_0010_0014_0064_0064.jpg 1 10 14 64 64
1420_0005_0030_0053_0053.jpg 1 5 30 53 53
1421_0052_0031_0032_0032.jpg 1 52 31 32 32
1422_0009_0044_0034_0034.jpg 1 9 44 34 34
1423_0007_0023_0067_0067.jpg 1 7 23 67 67
1424_0050_0064_0028_0028.jpg 1 50 64 28 28
1425_0003_0012_0068_0068.jpg 1 3 12 68 68
1426_0032_0030_0048_0048.jpg 1 32 30 48 48
1427_0031_0021_0033_0033.jpg 1 31 21 33 33
1428_0033_0023_0052_0052.jpg 1 33 23 52 52
1429_0015_0033_0025_0025.jpg 1 15 33 25 25
1430_0018_0007_0044_0044.jpg 1 18 7 44 44
1431_0008_0028_0036_0036.jpg 1 8 28 36 36
1432_0023_0008_0055_0055.jpg 1 23 8 55 55
1433_0033_0006_0060_0060.jpg 1 33 6 60 60
1434_0009_0018_0027_0027.jpg 1 9 18 27 27
1435_0038_0004_0053_0053.jpg 1 38 4 53 53
1436_0007_0040_0050_0050.jpg 1 7 40 50 50
1437_0004_0009_0069_0069.jpg 1 4 9 69 69
1438_0020_0006_0050_0050.jpg 1 20 6 50 50
1439_0031_0013_0060_0060.jpg 1 31 13 60 60
1440_0005_0039_0055_0055.jpg 1 5 39 55 55
1441_0027_0046_0039_0039.jpg 1 27 46 39 39
1442_0014_0027_0037_0037.jpg 1 14 27 37 37
1443_0034_0016_0052_0052.jpg 1 34 16 52 52
1444_0036_0009_0047_0047.jpg 1 36 9 47 47
1445_0026_0015_0056_0056.jpg 1 26 15 56 56
1446_0005_0042_0053_0053.jpg 1 5 42 53 53
1447_0018_0011_0059_0059.jpg 1 18 11 59 59
1448_0029_0026_0050_0050.jpg 1 29 26 50 50
1449_0005_0031_0055_0055.jpg 1 5 31 55 55
1450_0015_0038_0051_0051.jpg 1 15 38 51 51
1451_0009_0023_0044_0044.jpg 1 9 23 44 44
1452_0031_0022_0055_0055.jpg 1 31 22 55 55
1453_0024_0032_0045_0045.jpg 1 24 32 45 45
1454_0020_0046_0044_0044.jpg 1 20 46 44 44
1455_0025_0026_0065_0065.jpg 1 25 26 65 65
1456_0017_0013_0063_0063.jpg 1 17 13 63 63
1457_0010_0014_0064_0064.jpg 1 10 14 64 64
1458_0005_0030_0053_0053.jpg 1 5 30 53 53
1459_0052_0031_0032_0032.jpg 1 52 31 32 32
1460_0009_0044_0034_0034.jpg 1 9 44 34 34
1461_0007_0023_0067_0067.jpg 1 7 23 67 67
1462_0050_0064_0028_0028.jpg 1 50 64 28 28
1463_0003_0012_0068_0068.jpg 1 3 12 68 68
1464_0032_0030_0048_0048.jpg 1 32 30 48 48
1465_0031_0021_0033_0033.jpg 1 31 21 33 33
1466_0033_0023_0052_0052.jpg 1 33 23 52 52
1467_0015_0033_0025_0025.jpg 1 15 33 25 25
1468_0018_0007_0044_0044.jpg 1 18 7 44 44
1469_0008_0028_0036_0036.jpg 1 8 28 36 36
1470_0023_0008_0055_0055.jpg 1 23 8 55 55
1471_0033_0006_0060_0060.jpg 1 33 6 60 60
1472_0009_0018_0027_0027.jpg 1 9 18 27 27
1473_0038_0004_0053_0053.jpg 1 38 4 53 53
1474_0007_0040_0050_0050.jpg 1 7 40 50 50
1475_0004_0009_0069_0069.jpg 1 4 9 69 69
1476_0020_0006_0050_0050.jpg 1 20 6 50 50
1477_0031_0013_0060_0060.jpg 1 31 13 60 60
1478_0005_0039_0055_0055.jpg 1 5 39 55 55
1479_0027_0046_0039_0039.jpg 1 27 46 39 39
1480_0014_0027_0037_0037.jpg 1 14 27 37 37
1481_0034_0016_0052_0052.jpg 1 34 16 52 52
1482_0036_0009_0047_0047.jpg 1 36 9 47 47
1483_0026_0015_0056_0056.jpg 1 26 15 56 56
1484_0005_0042_0053_0053.jpg 1 5 42 53 53
1485_0018_0011_0059_0059.jpg 1 18 11 59 59
1486_0029_0026_0050_0050.jpg 1 29 26 50 50
1487_0005_0031_0055_0055.jpg 1 5 31 55 55
1488_0015_0038_0051_0051.jpg 1 15 38 51 51
1489_0009_0023_0044_0044.jpg 1 9 23 44 44
1490_0031_0022_0055_0055.jpg 1 31 22 55 55
1491_0024_0032_0045_0045.jpg 1 24 32 45 45
1492_0020_0046_0044_0044.jpg 1 20 46 44 44
1493_0025_0026_0065_0065.jpg 1 25 26 65 65
1494_0017_0013_0063_0063.jpg 1 17 13 63 63
1495_0010_0014_0064_0064.jpg 1 10 14 64 64
1496_0005_0030_0053_0053.jpg 1 5 30 53 53
1497_0052_0031_0032_0032.jpg 1 52 31 32 32
1498_0009_0044_0034_0034.jpg 1 9 44 34 34
1499_0007_0023_0067_0067.jpg 1 7 23 67 67
1500_0050_0064_0028_0028.jpg 1 50 64 28 28
1501_0003_0012_0068_0068.jpg 1 3 12 68 68
1502_0032_0030_0048_0048.jpg 1 32 30 48 48
1503_0031_0021_0033_0033.jpg 1 31 21 33 33
1504_0033_0023_0052_0052.jpg 1 33 23 52 52
1505_0015_0033_0025_0025.jpg 1 15 33 25 25
1506_0018_0007_0044_0044.jpg 1 18 7 44 44
1507_0008_0028_0036_0036.jpg 1 8 28 36 36
1508_0023_0008_0055_0055.jpg 1 23 8 55 55
1509_0033_0006_0060_0060.jpg 1 33 6 60 60
1510_0009_0018_0027_0027.jpg 1 9 18 27 27
1511_0038_0004_0053_0053.jpg 1 38 4 53 53
1512_0007_0040_0050_0050.jpg 1 7 40 50 50
1513_0004_0009_0069_0069.jpg 1 4 9 69 69
1514_0020_0006_0050_0050.jpg 1 20 6 50 50
1515_0031_0013_0060_0060.jpg 1 31 13 60 60
1516_0005_0039_0055_0055.jpg 1 5 39 55 55
1517_0027_0046_0039_0039.jpg 1 27 46 39 39
1518_0014_0027_0037_0037.jpg 1 14 27 37 37
1519_0034_0016_0052_0052.jpg 1 34 16 52 52
1520_0036_0009_0047_0047.jpg 1 36 9 47 47
1521_0026_0015_0056_0056.jpg 1 26 15 56 56
1522_0005_0042_0053_0053.jpg 1 5 42 53 53
1523_0018_0011_0059_0059.jpg 1 18 11 59 59
1524_0029_0026_0050_0050.jpg 1 29 26 50 50
1525_0005_0031_0055_0055.jpg 1 5 31 55 55
1526_0015_0038_0051_0051.jpg 1 15 38 51 51
1527_0009_0023_0044_0044.jpg 1 9 23 44 44
1528_0031_0022_0055_0055.jpg 1 31 22 55 55
1529_0024_0032_0045_0045.jpg 1 24 32 45 45
1530_0020_0046_0044_0044.jpg 1 20 46 44 44
1531_0025_0026_0065_0065.jpg 1 25 26 65 65
1532_0017_0013_0063_0063.jpg 1 17 13 63 63
1533_0010_0014_0064_0064.jpg 1 10 14 64 64
1534_0005_0030_0053_0053.jpg 1 5 30 53 53
1535_0052_0031_0032_0032.jpg 1 52 31 32 32
1536_0009_0044_0034_0034.jpg 1 9 44 34 34
1537_0007_0023_0067_0067.jpg 1 7 23 67 67
1538_0050_0064_0028_0028.jpg 1 50 64 28 28
1539_0003_0012_0068_0068.jpg 1 3 12 68 68
1540_0032_0030_0048_0048.jpg 1 32 30 48 48
1541_0031_0021_0033_0033.jpg 1 31 21 33 33
1542_0033_0023_0052_0052.jpg 1 33 23 52 52
1543_0015_0033_0025_0025.jpg 1 15 33 25 25
1544_0018_0007_0044_0044.jpg 1 18 7 44 44
1545_0008_0028_0036_0036.jpg 1 8 28 36 36
1546_0023_0008_0055_0055.jpg 1 23 8 55 55
1547_0033_0006_0060_0060.jpg 1 33 6 60 60
1548_0009_0018_0027_0027.jpg 1 9 18 27 27
1549_0038_0004_0053_0053.jpg 1 38 4 53 53
1550_0007_0040_0050_0050.jpg 1 7 40 50 50
1551_0004_0009_0069_0069.jpg 1 4 9 69 69
1552_0020_0006_0050_0050.jpg 1 20 6 50 50
1553_0031_0013_0060_0060.jpg 1 31 13 60 60
1554_0005_0039_0055_0055.jpg 1 5 39 55 55
1555_0028_0025_0058_0058.jpg 1 28 25 58 58
1556_0007_0030_0062_0062.jpg 1 7 30 62 62
1557_0023_0023_0051_0051.jpg 1 23 23 51 51
1558_0044_0035_0028_0028.jpg 1 44 35 28 28
1559_0014_0007_0065_0065.jpg 1 14 7 65 65
1560_0063_0058_0027_0027.jpg 1 63 58 27 27
1561_0041_0005_0052_0052.jpg 1 41 5 52 52
1562_0055_0041_0036_0036.jpg 1 55 41 36 36
1563_0025_0020_0038_0038.jpg 1 25 20 38 38
1564_0050_0009_0036_0036.jpg 1 50 9 36 36
1565_0038_0050_0041_0041.jpg 1 38 50 41 41
1566_0040_0042_0026_0026.jpg 1 40 42 26 26
1567_0007_0005_0064_0064.jpg 1 7 5 64 64
1568_0015_0030_0027_0027.jpg 1 15 30 27 27
1569_0008_0015_0048_0048.jpg 1 8 15 48 48
1570_0026_0026_0069_0069.jpg 1 26 26 69 69
1571_0015_0003_0068_0068.jpg 1 15 3 68 68
1572_0029_0012_0051_0051.jpg 1 29 12 51 51
1573_0015_0014_0034_0034.jpg 1 15 14 34 34
1574_0049_0035_0045_0045.jpg 1 49 35 45 45
1575_0062_0011_0030_0030.jpg 1 62 11 30 30
1576_0005_0017_0059_0059.jpg 1 5 17 59 59
1577_0034_0044_0040_0040.jpg 1 34 44 40 40
1578_0036_0005_0056_0056.jpg 1 36 5 56 56
1579_0029_0034_0058_0058.jpg 1 29 34 58 58
1580_0023_0026_0066_0066.jpg 1 23 26 66 66
1581_0022_0030_0036_0036.jpg 1 22 30 36 36
1582_0040_0014_0054_0054.jpg 1 40 14 54 54
1583_0015_0023_0030_0030.jpg 1 15 23 30 30
1584_0024_0029_0032_0032.jpg 1 24 29 32 32
1585_0021_0015_0045_0045.jpg 1 21 15 45 45
1586_0022_0037_0026_0026.jpg 1 22 37 26 26
1587_0005_0025_0057_0057.jpg 1 5 25 57 57
1588_0018_0012_0068_0068.jpg 1 18 12 68 68
1589_0019_0005_0059_0059.jpg 1 19 5 59 59
1590_0030_0048_0027_0027.jpg 1 30 48 27 27
1591_0010_0009_0063_0063.jpg 1 10 9 63 63
1592_0045_0051_0042_0042.jpg 1 45 51 42 42
1593_0028_0025_0058_0058.jpg 1 28 25 58 58
1594_0007_0030_0062_0062.jpg 1 7 30 62 62
1595_0023_0023_0051_0051.jpg 1 23 23 51 51
1596_0044_0035_0028_0028.jpg 1 44 35 28 28
1597_0014_0007_0065_0065.jpg 1 14 7 65 65
1598_0063_0058_0027_0027.jpg 1 63 58 27 27
1599_0041_0005_0052_0052.jpg 1 41 5 52 52
1600_0055_0041_0036_0036.jpg 1 55 41 36 36
1601_0025_0020_0038_0038.jpg 1 25 20 38 38
1602_0050_0009_0036_0036.jpg 1 50 9 36 36
1603_0038_0050_0041_0041.jpg 1 38 50 41 41
1604_0040_0042_0026_0026.jpg 1 40 42 26 26
1605_0007_0005_0064_0064.jpg 1 7 5 64 64
1606_0015_0030_0027_0027.jpg 1 15 30 27 27
1607_0008_0015_0048_0048.jpg 1 8 15 48 48
1608_0026_0026_0069_0069.jpg 1 26 26 69 69
1609_0015_0003_0068_0068.jpg 1 15 3 68 68
1610_0029_0012_0051_0051.jpg 1 29 12 51 51
1611_0015_0014_0034_0034.jpg 1 15 14 34 34
1612_0049_0035_0045_0045.jpg 1 49 35 45 45
1613_0062_0011_0030_0030.jpg 1 62 11 30 30
1614_0005_0017_0059_0059.jpg 1 5 17 59 59
1615_0034_0044_0040_0040.jpg 1 34 44 40 40
1616_0036_0005_0056_0056.jpg 1 36 5 56 56
1617_0029_0034_0058_0058.jpg 1 29 34 58 58
1618_0023_0026_0066_0066.jpg 1 23 26 66 66
1619_0022_0030_0036_0036.jpg 1 22 30 36 36
1620_0040_0014_0054_0054.jpg 1 40 14 54 54
1621_0015_0023_0030_0030.jpg 1 15 23 30 30
1622_0024_0029_0032_0032.jpg 1 24 29 32 32
1623_0021_0015_0045_0045.jpg 1 21 15 45 45
1624_0022_0037_0026_0026.jpg 1 22 37 26 26
1625_0005_0025_0057_0057.jpg 1 5 25 57 57
1626_0018_0012_0068_0068.jpg 1 18 12 68 68
1627_0019_0005_0059_0059.jpg 1 19 5 59 59
1628_0030_0048_0027_0027.jpg 1 30 48 27 27
1629_0010_0009_0063_0063.jpg 1 10 9 63 63
1630_0045_0051_0042_0042.jpg 1 45 51 42 42
1631_0028_0025_0058_0058.jpg 1 28 25 58 58
1632_0007_0030_0062_0062.jpg 1 7 30 62 62
1633_0023_0023_0051_0051.jpg 1 23 23 51 51
1634_0044_0035_0028_0028.jpg 1 44 35 28 28
1635_0014_0007_0065_0065.jpg 1 14 7 65 65
1636_0063_0058_0027_0027.jpg 1 63 58 27 27
1637_0041_0005_0052_0052.jpg 1 41 5 52 52
1638_0055_0041_0036_0036.jpg 1 55 41 36 36
1639_0025_0020_0038_0038.jpg 1 25 20 38 38
1640_0050_0009_0036_0036.jpg 1 50 9 36 36
1641_0038_0050_0041_0041.jpg 1 38 50 41 41
1642_0040_0042_0026_0026.jpg 1 40 42 26 26
1643_0007_0005_0064_0064.jpg 1 7 5 64 64
1644_0015_0030_0027_0027.jpg 1 15 30 27 27
1645_0008_0015_0048_0048.jpg 1 8 15 48 48
1646_0026_0026_0069_0069.jpg 1 26 26 69 69
1647_0015_0003_0068_0068.jpg 1 15 3 68 68
1648_0029_0012_0051_0051.jpg 1 29 12 51 51
1649_0015_0014_0034_0034.jpg 1 15 14 34 34
1650_0049_0035_0045_0045.jpg 1 49 35 45 45
1651_0062_0011_0030_0030.jpg 1 62 11 30 30
1652_0005_0017_0059_0059.jpg 1 5 17 59 59
1653_0034_0044_0040_0040.jpg 1 34 44 40 40
1654_0036_0005_0056_0056.jpg 1 36 5 56 56
1655_0029_0034_0058_0058.jpg 1 29 34 58 58
1656_0023_0026_0066_0066.jpg 1 23 26 66 66
1657_0022_0030_0036_0036.jpg 1 22 30 36 36
1658_0040_0014_0054_0054.jpg 1 40 14 54 54
1659_0015_0023_0030_0030.jpg 1 15 23 30 30
1660_0024_0029_0032_0032.jpg 1 24 29 32 32
1661_0021_0015_0045_0045.jpg 1 21 15 45 45
1662_0022_0037_0026_0026.jpg 1 22 37 26 26
1663_0005_0025_0057_0057.jpg 1 5 25 57 57
1664_0018_0012_0068_0068.jpg 1 18 12 68 68
1665_0019_0005_0059_0059.jpg 1 19 5 59 59
1666_0030_0048_0027_0027.jpg 1 30 48 27 27
1667_0010_0009_0063_0063.jpg 1 10 9 63 63
1668_0045_0051_0042_0042.jpg 1 45 51 42 42
1669_0028_0025_0058_0058.jpg 1 28 25 58 58
1670_0007_0030_0062_0062.jpg 1 7 30 62 62
1671_0023_0023_0051_0051.jpg 1 23 23 51 51
1672_0044_0035_0028_0028.jpg 1 44 35 28 28
1673_0014_0007_0065_0065.jpg 1 14 7 65 65
1674_0063_0058_0027_0027.jpg 1 63 58 27 27
1675_0041_0005_0052_0052.jpg 1 41 5 52 52
1676_0055_0041_0036_0036.jpg 1 55 41 36 36
1677_0025_0020_0038_0038.jpg 1 25 20 38 38
1678_0050_0009_0036_0036.jpg 1 50 9 36 36
1679_0038_0050_0041_0041.jpg 1 38 50 41 41
1680_0040_0042_0026_0026.jpg 1 40 42 26 26
1681_0007_0005_0064_0064.jpg 1 7 5 64 64
1682_0015_0030_0027_0027.jpg 1 15 30 27 27
1683_0008_0015_0048_0048.jpg 1 8 15 48 48
1684_0026_0026_0069_0069.jpg 1 26 26 69 69
1685_0015_0003_0068_0068.jpg 1 15 3 68 68
1686_0029_0012_0051_0051.jpg 1 29 12 51 51
1687_0015_0014_0034_0034.jpg 1 15 14 34 34
1688_0049_0035_0045_0045.jpg 1 49 35 45 45
1689_0062_0011_0030_0030.jpg 1 62 11 30 30
1690_0005_0017_0059_0059.jpg 1 5 17 59 59
1691_0034_0044_0040_0040.jpg 1 34 44 40 40
1692_0036_0005_0056_0056.jpg 1 36 5 56 56
1693_0029_0034_0058_0058.jpg 1 29 34 58 58
1694_0023_0026_0066_0066.jpg 1 23 26 66 66
1695_0022_0030_0036_0036.jpg 1 22 30 36 36
1696_0040_0014_0054_0054.jpg 1 40 14 54 54
1697_0015_0023_0030_0030.jpg 1 15 23 30 30
1698_0024_0029_0032_0032.jpg 1 24 29 32 32
1699_0021_0015_0045_0045.jpg 1 21 15 45 45
1700_0022_0037_0026_0026.jpg 1 22 37 26 26
1701_0005_0025_0057_0057.jpg 1 5 25 57 57
1702_0018_0012_0068_0068.jpg 1 18 12 68 68
1703_0019_0005_0059_0059.jpg 1 19 5 59 59
1704_0030_0048_0027_0027.jpg 1 30 48 27 27
1705_0010_0009_0063_0063.jpg 1 10 9 63 63
1706_0045_0051_0042_0042.jpg 1 45 51 42 42
1707_0028_0025_0058_0058.jpg 1 28 25 58 58
1708_0007_0030_0062_0062.jpg 1 7 30 62 62
1709_0023_0023_0051_0051.jpg 1 23 23 51 51
1710_0044_0035_0028_0028.jpg 1 44 35 28 28
1711_0014_0007_0065_0065.jpg 1 14 7 65 65
1712_0063_0058_0027_0027.jpg 1 63 58 27 27
1713_0041_0005_0052_0052.jpg 1 41 5 52 52
1714_0055_0041_0036_0036.jpg 1 55 41 36 36
1715_0025_0020_0038_0038.jpg 1 25 20 38 38
1716_0050_0009_0036_0036.jpg 1 50 9 36 36
1717_0038_0050_0041_0041.jpg 1 38 50 41 41
1718_0040_0042_0026_0026.jpg 1 40 42 26 26
1719_0007_0005_0064_0064.jpg 1 7 5 64 64
1720_0015_0030_0027_0027.jpg 1 15 30 27 27
1721_0008_0015_0048_0048.jpg 1 8 15 48 48
1722_0026_0026_0069_0069.jpg 1 26 26 69 69
1723_0015_0003_0068_0068.jpg 1 15 3 68 68
1724_0029_0012_0051_0051.jpg 1 29 12 51 51
1725_0015_0014_0034_0034.jpg 1 15 14 34 34
1726_0049_0035_0045_0045.jpg 1 49 35 45 45
1727_0062_0011_0030_0030.jpg 1 62 11 30 30
1728_0005_0017_0059_0059.jpg 1 5 17 59 59
1729_0034_0044_0040_0040.jpg 1 34 44 40 40
1730_0036_0005_0056_0056.jpg 1 36 5 56 56
1731_0029_0034_0058_0058.jpg 1 29 34 58 58
1732_0023_0026_0066_0066.jpg 1 23 26 66 66
1733_0022_0030_0036_0036.jpg 1 22 30 36 36
1734_0040_0014_0054_0054.jpg 1 40 14 54 54
1735_0015_0023_0030_0030.jpg 1 15 23 30 30
1736_0024_0029_0032_0032.jpg 1 24 29 32 32
1737_0021_0015_0045_0045.jpg 1 21 15 45 45
1738_0022_0037_0026_0026.jpg 1 22 37 26 26
1739_0005_0025_0057_0057.jpg 1 5 25 57 57
1740_0018_0012_0068_0068.jpg 1 18 12 68 68
1741_0019_0005_0059_0059.jpg 1 19 5 59 59
1742_0030_0048_0027_0027.jpg 1 30 48 27 27
1743_0010_0009_0063_0063.jpg 1 10 9 63 63
1744_0045_0051_0042_0042.jpg 1 45 51 42 42
1745_0028_0025_0058_0058.jpg 1 28 25 58 58
1746_0007_0030_0062_0062.jpg 1 7 30 62 62
1747_0023_0023_0051_0051.jpg 1 23 23 51 51
1748_0044_0035_0028_0028.jpg 1 44 35 28 28
1749_0014_0007_0065_0065.jpg 1 14 7 65 65
1750_0063_0058_0027_0027.jpg 1 63 58 27 27
1751_0041_0005_0052_0052.jpg 1 41 5 52 52
1752_0055_0041_0036_0036.jpg 1 55 41 36 36
1753_0025_0020_0038_0038.jpg 1 25 20 38 38
1754_0050_0009_0036_0036.jpg 1 50 9 36 36
1755_0038_0050_0041_0041.jpg 1 38 50 41 41
1756_0040_0042_0026_0026.jpg 1 40 42 26 26
1757_0007_0005_0064_0064.jpg 1 7 5 64 64
1758_0015_0030_0027_0027.jpg 1 15 30 27 27
1759_0008_0015_0048_0048.jpg 1 8 15 48 48
1760_0026_0026_0069_0069.jpg 1 26 26 69 69
1761_0015_0003_0068_0068.jpg 1 15 3 68 68
1762_0029_0012_0051_0051.jpg 1 29 12 51 51
1763_0015_0014_0034_0034.jpg 1 15 14 34 34
1764_0049_0035_0045_0045.jpg 1 49 35 45 45
1765_0062_0011_0030_0030.jpg 1 62 11 30 30
1766_0005_0017_0059_0059.jpg 1 5 17 59 59
1767_0034_0044_0040_0040.jpg 1 34 44 40 40
1768_0036_0005_0056_0056.jpg 1 36 5 56 56
1769_0029_0034_0058_0058.jpg 1 29 34 58 58
1770_0023_0026_0066_0066.jpg 1 23 26 66 66
1771_0022_0030_0036_0036.jpg 1 22 30 36 36
1772_0040_0014_0054_0054.jpg 1 40 14 54 54
1773_0015_0023_0030_0030.jpg 1 15 23 30 30
1774_0024_0029_0032_0032.jpg 1 24 29 32 32
1775_0021_0015_0045_0045.jpg 1 21 15 45 45
1776_0022_0037_0026_0026.jpg 1 22 37 26 26
1777_0005_0025_0057_0057.jpg 1 5 25 57 57
1778_0018_0012_0068_0068.jpg 1 18 12 68 68
1779_0019_0005_0059_0059.jpg 1 19 5 59 59
1780_0030_0048_0027_0027.jpg 1 30 48 27 27
1781_0010_0009_0063_0063.jpg 1 10 9 63 63
1782_0045_0051_0042_0042.jpg 1 45 51 42 42
1783_0028_0025_0058_0058.jpg 1 28 25 58 58
1784_0007_0030_0062_0062.jpg 1 7 30 62 62
1785_0023_0023_0051_0051.jpg 1 23 23 51 51
1786_0044_0035_0028_0028.jpg 1 44 35 28 28
1787_0014_0007_0065_0065.jpg 1 14 7 65 65
1788_0063_0058_0027_0027.jpg 1 63 58 27 27
1789_0041_0005_0052_0052.jpg 1 41 5 52 52
1790_0055_0041_0036_0036.jpg 1 55 41 36 36
1791_0025_0020_0038_0038.jpg 1 25 20 38 38
1792_0050_0009_0036_0036.jpg 1 50 9 36 36
1793_0038_0050_0041_0041.jpg 1 38 50 41 41
1794_0040_0042_0026_0026.jpg 1 40 42 26 26
1795_0007_0005_0064_0064.jpg 1 7 5 64 64
1796_0015_0030_0027_0027.jpg 1 15 30 27 27
1797_0008_0015_0048_0048.jpg 1 8 15 48 48
1798_0026_0026_0069_0069.jpg 1 26 26 69 69
1799_0015_0003_0068_0068.jpg 1 15 3 68 68
1800_0029_0012_0051_0051.jpg 1 29 12 51 51
1801_0015_0014_0034_0034.jpg 1 15 14 34 34
1802_0049_0035_0045_0045.jpg 1 49 35 45 45
1803_0062_0011_0030_0030.jpg 1 62 11 30 30
1804_0005_0017_0059_0059.jpg 1 5 17 59 59
1805_0034_0044_0040_0040.jpg 1 34 44 40 40
1806_0036_0005_0056_0056.jpg 1 36 5 56 56
1807_0029_0034_0058_0058.jpg 1 29 34 58 58
1808_0023_0026_0066_0066.jpg 1 23 26 66 66
1809_0022_0030_0036_0036.jpg 1 22 30 36 36
1810_0040_0014_0054_0054.jpg 1 40 14 54 54
1811_0015_0023_0030_0030.jpg 1 15 23 30 30
1812_0024_0029_0032_0032.jpg 1 24 29 32 32
1813_0021_0015_0045_0045.jpg 1 21 15 45 45
1814_0022_0037_0026_0026.jpg 1 22 37 26 26
1815_0005_0025_0057_0057.jpg 1 5 25 57 57
1816_0018_0012_0068_0068.jpg 1 18 12 68 68
1817_0019_0005_0059_0059.jpg 1 19 5 59 59
1818_0030_0048_0027_0027.jpg 1 30 48 27 27
1819_0010_0009_0063_0063.jpg 1 10 9 63 63
1820_0045_0051_0042_0042.jpg 1 45 51 42 42
1821_0028_0025_0058_0058.jpg 1 28 25 58 58
1822_0007_0030_0062_0062.jpg 1 7 30 62 62
1823_0023_0023_0051_0051.jpg 1 23 23 51 51
1824_0044_0035_0028_0028.jpg 1 44 35 28 28
1825_0014_0007_0065_0065.jpg 1 14 7 65 65
1826_0063_0058_0027_0027.jpg 1 63 58 27 27
1827_0041_0005_0052_0052.jpg 1 41 5 52 52
1828_0055_0041_0036_0036.jpg 1 55 41 36 36
1829_0025_0020_0038_0038.jpg 1 25 20 38 38
1830_0050_0009_0036_0036.jpg 1 50 9 36 36
1831_0038_0050_0041_0041.jpg 1 38 50 41 41
1832_0040_0042_0026_0026.jpg 1 40 42 26 26
1833_0007_0005_0064_0064.jpg 1 7 5 64 64
1834_0015_0030_0027_0027.jpg 1 15 30 27 27
1835_0008_0015_0048_0048.jpg 1 8 15 48 48
1836_0026_0026_0069_0069.jpg 1 26 26 69 69
1837_0015_0003_0068_0068.jpg 1 15 3 68 68
1838_0029_0012_0051_0051.jpg 1 29 12 51 51
1839_0015_0014_0034_0034.jpg 1 15 14 34 34
1840_0049_0035_0045_0045.jpg 1 49 35 45 45
1841_0062_0011_0030_0030.jpg 1 62 11 30 30
1842_0005_0017_0059_0059.jpg 1 5 17 59 59
1843_0034_0044_0040_0040.jpg 1 34 44 40 40
1844_0036_0005_0056_0056.jpg 1 36 5 56 56
1845_0029_0034_0058_0058.jpg 1 29 34 58 58
1846_0023_0026_0066_0066.jpg 1 23 26 66 66
1847_0022_0030_0036_0036.jpg 1 22 30 36 36
1848_0040_0014_0054_0054.jpg 1 40 14 54 54
1849_0015_0023_0030_0030.jpg 1 15 23 30 30
1850_0024_0029_0032_0032.jpg 1 24 29 32 32
1851_0021_0015_0045_0045.jpg 1 21 15 45 45
1852_0022_0037_0026_0026.jpg 1 22 37 26 26
1853_0005_0025_0057_0057.jpg 1 5 25 57 57
1854_0018_0012_0068_0068.jpg 1 18 12 68 68
1855_0019_0005_0059_0059.jpg 1 19 5 59 59
1856_0030_0048_0027_0027.jpg 1 30 48 27 27
1857_0010_0009_0063_0063.jpg 1 10 9 63 63
1858_0045_0051_0042_0042.jpg 1 45 51 42 42
1859_0028_0025_0058_0058.jpg 1 28 25 58 58
1860_0007_0030_0062_0062.jpg 1 7 30 62 62
1861_0023_0023_0051_0051.jpg 1 23 23 51 51
1862_0044_0035_0028_0028.jpg 1 44 35 28 28
1863_0014_0007_0065_0065.jpg 1 14 7 65 65
1864_0063_0058_0027_0027.jpg 1 63 58 27 27
1865_0041_0005_0052_0052.jpg 1 41 5 52 52
1866_0055_0041_0036_0036.jpg 1 55 41 36 36
1867_0025_0020_0038_0038.jpg 1 25 20 38 38
1868_0050_0009_0036_0036.jpg 1 50 9 36 36
1869_0038_0050_0041_0041.jpg 1 38 50 41 41
1870_0040_0042_0026_0026.jpg 1 40 42 26 26
1871_0007_0005_0064_0064.jpg 1 7 5 64 64
1872_0015_0030_0027_0027.jpg 1 15 30 27 27
1873_0008_0015_0048_0048.jpg 1 8 15 48 48
1874_0026_0026_0069_0069.jpg 1 26 26 69 69
1875_0015_0003_0068_0068.jpg 1 15 3 68 68
1876_0029_0012_0051_0051.jpg 1 29 12 51 51
1877_0015_0014_0034_0034.jpg 1 15 14 34 34
1878_0049_0035_0045_0045.jpg 1 49 35 45 45
1879_0062_0011_0030_0030.jpg 1 62 11 30 30
1880_0005_0017_0059_0059.jpg 1 5 17 59 59
1881_0034_0044_0040_0040.jpg 1 34 44 40 40
1882_0036_0005_0056_0056.jpg 1 36 5 56 56
1883_0029_0034_0058_0058.jpg 1 29 34 58 58
1884_0023_0026_0066_0066.jpg 1 23 26 66 66
1885_0022_0030_0036_0036.jpg 1 22 30 36 36
1886_0040_0014_0054_0054.jpg 1 40 14 54 54
1887_0015_0023_0030_0030.jpg 1 15 23 30 30
1888_0024_0029_0032_0032.jpg 1 24 29 32 32
1889_0021_0015_0045_0045.jpg 1 21 15 45 45
1890_0022_0037_0026_0026.jpg 1 22 37 26 26
1891_0005_0025_0057_0057.jpg 1 5 25 57 57
1892_0018_0012_0068_0068.jpg 1 18 12 68 68
1893_0019_0005_0059_0059.jpg 1 19 5 59 59
1894_0030_0048_0027_0027.jpg 1 30 48 27 27
1895_0010_0009_0063_0063.jpg 1 10 9 63 63
1896_0045_0051_0042_0042.jpg 1 45 51 42 42
1897_0028_0025_0058_0058.jpg 1 28 25 58 58
1898_0007_0030_0062_0062.jpg 1 7 30 62 62
1899_0023_0023_0051_0051.jpg 1 23 23 51 51
1900_0044_0035_0028_0028.jpg 1 44 35 28 28
1901_0014_0007_0065_0065.jpg 1 14 7 65 65
1902_0063_0058_0027_0027.jpg 1 63 58 27 27
1903_0041_0005_0052_0052.jpg 1 41 5 52 52
1904_0055_0041_0036_0036.jpg 1 55 41 36 36
1905_0025_0020_0038_0038.jpg 1 25 20 38 38
1906_0050_0009_0036_0036.jpg 1 50 9 36 36
1907_0038_0050_0041_0041.jpg 1 38 50 41 41
1908_0040_0042_0026_0026.jpg 1 40 42 26 26
1909_0007_0005_0064_0064.jpg 1 7 5 64 64
1910_0015_0030_0027_0027.jpg 1 15 30 27 27
1911_0008_0015_0048_0048.jpg 1 8 15 48 48
1912_0026_0026_0069_0069.jpg 1 26 26 69 69
1913_0015_0003_0068_0068.jpg 1 15 3 68 68
1914_0029_0012_0051_0051.jpg 1 29 12 51 51
1915_0015_0014_0034_0034.jpg 1 15 14 34 34
1916_0049_0035_0045_0045.jpg 1 49 35 45 45
1917_0062_0011_0030_0030.jpg 1 62 11 30 30
1918_0005_0017_0059_0059.jpg 1 5 17 59 59
1919_0034_0044_0040_0040.jpg 1 34 44 40 40
1920_0036_0005_0056_0056.jpg 1 36 5 56 56
1921_0029_0034_0058_0058.jpg 1 29 34 58 58
1922_0023_0026_0066_0066.jpg 1 23 26 66 66
1923_0022_0030_0036_0036.jpg 1 22 30 36 36
1924_0040_0014_0054_0054.jpg 1 40 14 54 54
1925_0015_0023_0030_0030.jpg 1 15 23 30 30
1926_0024_0029_0032_0032.jpg 1 24 29 32 32
1927_0021_0015_0045_0045.jpg 1 21 15 45 45
1928_0022_0037_0026_0026.jpg 1 22 37 26 26
1929_0005_0025_0057_0057.jpg 1 5 25 57 57
1930_0018_0012_0068_0068.jpg 1 18 12 68 68
1931_0019_0005_0059_0059.jpg 1 19 5 59 59
1932_0030_0048_0027_0027.jpg 1 30 48 27 27
1933_0010_0009_0063_0063.jpg 1 10 9 63 63
1934_0045_0051_0042_0042.jpg 1 45 51 42 42
1935_0028_0025_0058_0058.jpg 1 28 25 58 58
1936_0007_0030_0062_0062.jpg 1 7 30 62 62
1937_0023_0023_0051_0051.jpg 1 23 23 51 51
1938_0044_0035_0028_0028.jpg 1 44 35 28 28
1939_0014_0007_0065_0065.jpg 1 14 7 65 65
1940_0063_0058_0027_0027.jpg 1 63 58 27 27
1941_0041_0005_0052_0052.jpg 1 41 5 52 52
1942_0055_0041_0036_0036.jpg 1 55 41 36 36
1943_0025_0020_0038_0038.jpg 1 25 20 38 38
1944_0050_0009_0036_0036.jpg 1 50 9 36 36
1945_0038_0050_0041_0041.jpg 1 38 50 41 41
1946_0040_0042_0026_0026.jpg 1 40 42 26 26
1947_0007_0005_0064_0064.jpg 1 7 5 64 64
1948_0015_0030_0027_0027.jpg 1 15 30 27 27
1949_0008_0015_0048_0048.jpg 1 8 15 48 48
1950_0026_0026_0069_0069.jpg 1 26 26 69 69
1951_0015_0003_0068_0068.jpg 1 15 3 68 68
1952_0029_0012_0051_0051.jpg 1 29 12 51 51
1953_0015_0014_0034_0034.jpg 1 15 14 34 34
1954_0049_0035_0045_0045.jpg 1 49 35 45 45
1955_0062_0011_0030_0030.jpg 1 62 11 30 30
1956_0005_0017_0059_0059.jpg 1 5 17 59 59
1957_0034_0044_0040_0040.jpg 1 34 44 40 40
1958_0036_0005_0056_0056.jpg 1 36 5 56 56
1959_0029_0034_0058_0058.jpg 1 29 34 58 58
1960_0023_0026_0066_0066.jpg 1 23 26 66 66
1961_0022_0030_0036_0036.jpg 1 22 30 36 36
1962_0040_0014_0054_0054.jpg 1 40 14 54 54
1963_0015_0023_0030_0030.jpg 1 15 23 30 30
1964_0024_0029_0032_0032.jpg 1 24 29 32 32
1965_0021_0015_0045_0045.jpg 1 21 15 45 45
1966_0022_0037_0026_0026.jpg 1 22 37 26 26
1967_0005_0025_0057_0057.jpg 1 5 25 57 57
1968_0018_0012_0068_0068.jpg 1 18 12 68 68
1969_0019_0005_0059_0059.jpg 1 19 5 59 59
1970_0030_0048_0027_0027.jpg 1 30 48 27 27
1971_0010_0009_0063_0063.jpg 1 10 9 63 63
1972_0045_0051_0042_0042.jpg 1 45 51 42 42
1973_0028_0025_0058_0058.jpg 1 28 25 58 58
1974_0007_0030_0062_0062.jpg 1 7 30 62 62
1975_0023_0023_0051_0051.jpg 1 23 23 51 51
1976_0044_0035_0028_0028.jpg 1 44 35 28 28
1977_0014_0007_0065_0065.jpg 1 14 7 65 65
1978_0063_0058_0027_0027.jpg 1 63 58 27 27
1979_0041_0005_0052_0052.jpg 1 41 5 52 52
1980_0055_0041_0036_0036.jpg 1 55 41 36 36
1981_0025_0020_0038_0038.jpg 1 25 20 38 38
1982_0050_0009_0036_0036.jpg 1 50 9 36 36
1983_0038_0050_0041_0041.jpg 1 38 50 41 41
1984_0040_0042_0026_0026.jpg 1 40 42 26 26
1985_0007_0005_0064_0064.jpg 1 7 5 64 64
1986_0015_0030_0027_0027.jpg 1 15 30 27 27
1987_0008_0015_0048_0048.jpg 1 8 15 48 48
1988_0026_0026_0069_0069.jpg 1 26 26 69 69
1989_0015_0003_0068_0068.jpg 1 15 3 68 68
1990_0029_0012_0051_0051.jpg 1 29 12 51 51
1991_0015_0014_0034_0034.jpg 1 15 14 34 34
1992_0049_0035_0045_0045.jpg 1 49 35 45 45
1993_0062_0011_0030_0030.jpg 1 62 11 30 30
1994_0005_0017_0059_0059.jpg 1 5 17 59 59
1995_0034_0044_0040_0040.jpg 1 34 44 40 40
1996_0036_0005_0056_0056.jpg 1 36 5 56 56
1997_0029_0034_0058_0058.jpg 1 29 34 58 58
1998_0023_0026_0066_0066.jpg 1 23 26 66 66
1999_0022_0030_0036_0036.jpg 1 22 30 36 36
2000_0040_0014_0054_0054.jpg 1 40 14 54 54
2001_0015_0023_0030_0030.jpg 1 15 23 30 30
2002_0024_0029_0032_0032.jpg 1 24 29 32 32
2003_0021_0015_0045_0045.jpg 1 21 15 45 45
2004_0022_0037_0026_0026.jpg 1 22 37 26 26
2005_0005_0025_0057_0057.jpg 1 5 25 57 57
2006_0018_0012_0068_0068.jpg 1 18 12 68 68
2007_0019_0005_0059_0059.jpg 1 19 5 59 59
2008_0030_0048_0027_0027.jpg 1 30 48 27 27
2009_0010_0009_0063_0063.jpg 1 10 9 63 63
2010_0045_0051_0042_0042.jpg 1 45 51 42 42
2011_0028_0025_0058_0058.jpg 1 28 25 58 58
2012_0007_0030_0062_0062.jpg 1 7 30 62 62
2013_0023_0023_0051_0051.jpg 1 23 23 51 51
2014_0044_0035_0028_0028.jpg 1 44 35 28 28
2015_0014_0007_0065_0065.jpg 1 14 7 65 65
2016_0063_0058_0027_0027.jpg 1 63 58 27 27
2017_0041_0005_0052_0052.jpg 1 41 5 52 52
2018_0055_0041_0036_0036.jpg 1 55 41 36 36
2019_0025_0020_0038_0038.jpg 1 25 20 38 38
2020_0050_0009_0036_0036.jpg 1 50 9 36 36
2021_0038_0050_0041_0041.jpg 1 38 50 41 41
2022_0040_0042_0026_0026.jpg 1 40 42 26 26
2023_0007_0005_0064_0064.jpg 1 7 5 64 64
2024_0015_0030_0027_0027.jpg 1 15 30 27 27
2025_0008_0015_0048_0048.jpg 1 8 15 48 48
2026_0026_0026_0069_0069.jpg 1 26 26 69 69
2027_0015_0003_0068_0068.jpg 1 15 3 68 68
2028_0029_0012_0051_0051.jpg 1 29 12 51 51
2029_0015_0014_0034_0034.jpg 1 15 14 34 34
2030_0049_0035_0045_0045.jpg 1 49 35 45 45
2031_0062_0011_0030_0030.jpg 1 62 11 30 30
2032_0005_0017_0059_0059.jpg 1 5 17 59 59
2033_0034_0044_0040_0040.jpg 1 34 44 40 40
2034_0036_0005_0056_0056.jpg 1 36 5 56 56
2035_0029_0034_0058_0058.jpg 1 29 34 58 58
2036_0023_0026_0066_0066.jpg 1 23 26 66 66
2037_0022_0030_0036_0036.jpg 1 22 30 36 36
2038_0040_0014_0054_0054.jpg 1 40 14 54 54
2039_0015_0023_0030_0030.jpg 1 15 23 30 30
2040_0024_0029_0032_0032.jpg 1 24 29 32 32
2041_0021_0015_0045_0045.jpg 1 21 15 45 45
2042_0022_0037_0026_0026.jpg 1 22 37 26 26
2043_0005_0025_0057_0057.jpg 1 5 25 57 57
2044_0018_0012_0068_0068.jpg 1 18 12 68 68
2045_0019_0005_0059_0059.jpg 1 19 5 59 59
2046_0030_0048_0027_0027.jpg 1 30 48 27 27
2047_0010_0009_0063_0063.jpg 1 10 9 63 63
2048_0045_0051_0042_0042.jpg 1 45 51 42 42
2049_0024_0021_0054_0054.jpg 1 24 21 54 54
2050_0021_0012_0065_0065.jpg 1 21 12 65 65
2051_0012_0012_0050_0050.jpg 1 12 12 50 50
2052_0039_0057_0035_0035.jpg 1 39 57 35 35
2053_0015_0026_0057_0057.jpg 1 15 26 57 57
2054_0008_0021_0061_0061.jpg 1 8 21 61 61
2055_0062_0060_0030_0030.jpg 1 62 60 30 30
2056_0004_0020_0059_0059.jpg 1 4 20 59 59
2057_0024_0006_0069_0069.jpg 1 24 6 69 69
2058_0036_0005_0059_0059.jpg 1 36 5 59 59
2059_0010_0014_0047_0047.jpg 1 10 14 47 47
2060_0034_0025_0058_0058.jpg 1 34 25 58 58
2061_0020_0020_0068_0068.jpg 1 20 20 68 68
2062_0015_0032_0061_0061.jpg 1 15 32 61 61
2063_0015_0014_0064_0064.jpg 1 15 14 64 64
2064_0038_0041_0043_0043.jpg 1 38 41 43 43
2065_0026_0013_0062_0062.jpg 1 26 13 62 62
2066_0057_0052_0036_0036.jpg 1 57 52 36 36
2067_0028_0018_0057_0057.jpg 1 28 18 57 57
2068_0010_0018_0048_0048.jpg 1 10 18 48 48
2069_0016_0027_0055_0055.jpg 1 16 27 55 55
2070_0010_0017_0062_0062.jpg 1 10 17 62 62
2071_0042_0051_0041_0041.jpg 1 42 51 41 41
2072_0022_0017_0058_0058.jpg 1 22 17 58 58
2073_0017_0043_0035_0035.jpg 1 17 43 35 35
2074_0018_0032_0057_0057.jpg 1 18 32 57 57
2075_0040_0044_0029_0029.jpg 1 40 44 29 29
2076_0028_0038_0053_0053.jpg 1 28 38 53 53
2077_0029_0032_0049_0049.jpg 1 29 32 49 49
2078_0010_0018_0048_0048.jpg 1 10 18 48 48
2079_0019_0050_0026_0026.jpg 1 19 50 26 26
2080_0046_0030_0035_0035.jpg 1 46 30 35 35
2081_0017_0005_0060_0060.jpg 1 17 5 60 60
2082_0016_0013_0069_0069.jpg 1 16 13 69 69
2083_0030_0035_0045_0045.jpg 1 30 35 45 45
2084_0034_0007_0061_0061.jpg 1 34 7 61 61
2085_0035_0018_0057_0057.jpg 1 35 18 57 57
2086_0016_0037_0052_0052.jpg 1 16 37 52 52
2087_0024_0021_0054_0054.jpg 1 24 21 54 54
2088_0021_0012_0065_0065.jpg 1 21 12 65 65
2089_0012_0012_0050_0050.jpg 1 12 12 50 50
2090_0039_0057_0035_0035.jpg 1 39 57 35 35
2091_0015_0026_0057_0057.jpg 1 15 26 57 57
2092_0008_0021_0061_0061.jpg 1 8 21 61 61
2093_0062_0060_0030_0030.jpg 1 62 60 30 30
2094_0004_0020_0059_0059.jpg 1 4 20 59 59
2095_0024_0006_0069_0069.jpg 1 24 6 69 69
2096_0036_0005_0059_0059.jpg 1 36 5 59 59
2097_0010_0014_0047_0047.jpg 1 10 14 47 47
2098_0034_0025_0058_0058.jpg 1 34 25 58 58
2099_0020_0020_0068_0068.jpg 1 20 20 68 68
2100_0015_0032_0061_0061.jpg 1 15 32 61 61
2101_0015_0014_0064_0064.jpg 1 15 14 64 64
2102_0038_0041_0043_0043.jpg 1 38 41 43 43
2103_0026_0013_0062_0062.jpg 1 26 13 62 62
2104_0057_0052_0036_0036.jpg 1 57 52 36 36
2105_0028_0018_0057_0057.jpg 1 28 18 57 57
2106_0010_0018_0048_0048.jpg 1 10 18 48 48
2107_0016_0027_0055_0055.jpg 1 16 27 55 55
2108_0010_0017_0062_0062.jpg 1 10 17 62 62
2109_0042_0051_0041_0041.jpg 1 42 51 41 41
2110_0022_0017_0058_0058.jpg 1 22 17 58 58
2111_0017_0043_0035_0035.jpg 1 17 43 35 35
2112_0018_0032_0057_0057.jpg 1 18 32 57 57
2113_0040_0044_0029_0029.jpg 1 40 44 29 29
2114_0028_0038_0053_0053.jpg 1 28 38 53 53
2115_0029_0032_0049_0049.jpg 1 29 32 49 49
2116_0010_0018_0048_0048.jpg 1 10 18 48 48
2117_0019_0050_0026_0026.jpg 1 19 50 26 26
2118_0046_0030_0035_0035.jpg 1 46 30 35 35
2119_0017_0005_0060_0060.jpg 1 17 5 60 60
2120_0016_0013_0069_0069.jpg 1 16 13 69 69
2121_0030_0035_0045_0045.jpg 1 30 35 45 45
2122_0034_0007_0061_0061.jpg 1 34 7 61 61
2123_0035_0018_0057_0057.jpg 1 35 18 57 57
2124_0016_0037_0052_0052.jpg 1 16 37 52 52
2125_0024_0021_0054_0054.jpg 1 24 21 54 54
2126_0021_0012_0065_0065.jpg 1 21 12 65 65
2127_0012_0012_0050_0050.jpg 1 12 12 50 50
2128_0039_0057_0035_0035.jpg 1 39 57 35 35
2129_0015_0026_0057_0057.jpg 1 15 26 57 57
2130_0008_0021_0061_0061.jpg 1 8 21 61 61
2131_0062_0060_0030_0030.jpg 1 62 60 30 30
2132_0004_0020_0059_0059.jpg 1 4 20 59 59
2133_0024_0006_0069_0069.jpg 1 24 6 69 69
2134_0036_0005_0059_0059.jpg 1 36 5 59 59
2135_0010_0014_0047_0047.jpg 1 10 14 47 47
2136_0034_0025_0058_0058.jpg 1 34 25 58 58
2137_0020_0020_0068_0068.jpg 1 20 20 68 68
2138_0015_0032_0061_0061.jpg 1 15 32 61 61
2139_0015_0014_0064_0064.jpg 1 15 14 64 64
2140_0038_0041_0043_0043.jpg 1 38 41 43 43
2141_0026_0013_0062_0062.jpg 1 26 13 62 62
2142_0057_0052_0036_0036.jpg 1 57 52 36 36
2143_0028_0018_0057_0057.jpg 1 28 18 57 57
2144_0010_0018_0048_0048.jpg 1 10 18 48 48
2145_0016_0027_0055_0055.jpg 1 16 27 55 55
2146_0010_0017_0062_0062.jpg 1 10 17 62 62
2147_0042_0051_0041_0041.jpg 1 42 51 41 41
2148_0022_0017_0058_0058.jpg 1 22 17 58 58
2149_0017_0043_0035_0035.jpg 1 17 43 35 35
2150_0018_0032_0057_0057.jpg 1 18 32 57 57
2151_0040_0044_0029_0029.jpg 1 40 44 29 29
2152_0028_0038_0053_0053.jpg 1 28 38 53 53
2153_0029_0032_0049_0049.jpg 1 29 32 49 49
2154_0010_0018_0048_0048.jpg 1 10 18 48 48
2155_0019_0050_0026_0026.jpg 1 19 50 26 26
2156_0046_0030_0035_0035.jpg 1 46 30 35 35
2157_0017_0005_0060_0060.jpg 1 17 5 60 60
2158_0016_0013_0069_0069.jpg 1 16 13 69 69
2159_0030_0035_0045_0045.jpg 1 30 35 45 45
2160_0034_0007_0061_0061.jpg 1 34 7 61 61
2161_0035_0018_0057_0057.jpg 1 35 18 57 57
2162_0016_0037_0052_0052.jpg 1 16 37 52 52
2163_0024_0021_0054_0054.jpg 1 24 21 54 54
2164_0021_0012_0065_0065.jpg 1 21 12 65 65
2165_0012_0012_0050_0050.jpg 1 12 12 50 50
2166_0039_0057_0035_0035.jpg 1 39 57 35 35
2167_0015_0026_0057_0057.jpg 1 15 26 57 57
2168_0008_0021_0061_0061.jpg 1 8 21 61 61
2169_0062_0060_0030_0030.jpg 1 62 60 30 30
2170_0004_0020_0059_0059.jpg 1 4 20 59 59
2171_0024_0006_0069_0069.jpg 1 24 6 69 69
2172_0036_0005_0059_0059.jpg 1 36 5 59 59
2173_0010_0014_0047_0047.jpg 1 10 14 47 47
2174_0034_0025_0058_0058.jpg 1 34 25 58 58
2175_0020_0020_0068_0068.jpg 1 20 20 68 68
2176_0015_0032_0061_0061.jpg 1 15 32 61 61
2177_0015_0014_0064_0064.jpg 1 15 14 64 64
2178_0038_0041_0043_0043.jpg 1 38 41 43 43
2179_0026_0013_0062_0062.jpg 1 26 13 62 62
2180_0057_0052_0036_0036.jpg 1 57 52 36 36
2181_0028_0018_0057_0057.jpg 1 28 18 57 57
2182_0010_0018_0048_0048.jpg 1 10 18 48 48
2183_0016_0027_0055_0055.jpg 1 16 27 55 55
2184_0010_0017_0062_0062.jpg 1 10 17 62 62
2185_0042_0051_0041_0041.jpg 1 42 51 41 41
2186_0022_0017_0058_0058.jpg 1 22 17 58 58
2187_0017_0043_0035_0035.jpg 1 17 43 35 35
2188_0018_0032_0057_0057.jpg 1 18 32 57 57
2189_0040_0044_0029_0029.jpg 1 40 44 29 29
2190_0028_0038_0053_0053.jpg 1 28 38 53 53
2191_0029_0032_0049_0049.jpg 1 29 32 49 49
2192_0010_0018_0048_0048.jpg 1 10 18 48 48
2193_0019_0050_0026_0026.jpg 1 19 50 26 26
2194_0046_0030_0035_0035.jpg 1 46 30 35 35
2195_0017_0005_0060_0060.jpg 1 17 5 60 60
2196_0016_0013_0069_0069.jpg 1 16 13 69 69
2197_0030_0035_0045_0045.jpg 1 30 35 45 45
2198_0034_0007_0061_0061.jpg 1 34 7 61 61
2199_0035_0018_0057_0057.jpg 1 35 18 57 57
2200_0016_0037_0052_0052.jpg 1 16 37 52 52
